info: ::1 - - [07/Aug/2024:07:33:19 +0000] "POST /api/v1/users/signup HTTP/1.1" 201 263 "-" "PostmanRuntime/7.41.0"

info: ::1 - - [07/Aug/2024:09:29:30 +0000] "POST /api/v1/users/signup HTTP/1.1" 201 263 "-" "PostmanRuntime/7.41.0"

info: ::1 - - [07/Aug/2024:09:37:34 +0000] "POST /api/v1/users/signup HTTP/1.1" 201 256 "-" "PostmanRuntime/7.41.0"

info: ::1 - - [07/Aug/2024:09:38:29 +0000] "POST /api/v1/users/forget HTTP/1.1" 202 223 "-" "PostmanRuntime/7.41.0"

info: ::1 - - [07/Aug/2024:09:39:32 +0000] "GET /api/v1/users/reset HTTP/1.1" 500 49 "-" "PostmanRuntime/7.41.0"

info: ::1 - - [07/Aug/2024:09:40:23 +0000] "PUT /api/v1/users/reset HTTP/1.1" 500 90 "-" "PostmanRuntime/7.41.0"

info: ::1 - - [07/Aug/2024:09:40:36 +0000] "PUT /api/v1/users/reset HTTP/1.1" 500 83 "-" "PostmanRuntime/7.41.0"

info: ::1 - - [07/Aug/2024:09:41:14 +0000] "PUT /api/v1/users/reset HTTP/1.1" 500 83 "-" "PostmanRuntime/7.41.0"

info: ::1 - - [07/Aug/2024:09:42:13 +0000] "PUT /api/v1/users/reset HTTP/1.1" 500 83 "-" "PostmanRuntime/7.41.0"

info: ::1 - - [07/Aug/2024:09:43:01 +0000] "PUT /api/v1/users/reset HTTP/1.1" 500 83 "-" "PostmanRuntime/7.41.0"

info: ::1 - - [07/Aug/2024:09:43:13 +0000] "PUT /api/v1/users/reset HTTP/1.1" 500 83 "-" "PostmanRuntime/7.41.0"

info: ::1 - - [07/Aug/2024:09:44:04 +0000] "PUT /api/v1/users/reset HTTP/1.1" 500 83 "-" "PostmanRuntime/7.41.0"

info: ::1 - - [07/Aug/2024:09:47:14 +0000] "PUT /api/v1/users/reset HTTP/1.1" 500 83 "-" "PostmanRuntime/7.41.0"

info: ::1 - - [07/Aug/2024:09:47:56 +0000] "PUT /api/v1/users/reset HTTP/1.1" 500 83 "-" "PostmanRuntime/7.41.0"

info: ::1 - - [07/Aug/2024:09:49:29 +0000] "PUT /api/v1/users/reset HTTP/1.1" 500 83 "-" "PostmanRuntime/7.41.0"

info: ::1 - - [07/Aug/2024:09:49:46 +0000] "PUT /api/v1/users/reset HTTP/1.1" 500 83 "-" "PostmanRuntime/7.41.0"

info: ::1 - - [07/Aug/2024:09:50:14 +0000] "PUT /api/v1/users/reset HTTP/1.1" 500 83 "-" "PostmanRuntime/7.41.0"

info: ::1 - - [07/Aug/2024:09:51:26 +0000] "PUT /api/v1/users/reset HTTP/1.1" 500 83 "-" "PostmanRuntime/7.41.0"

info: ::1 - - [07/Aug/2024:09:52:13 +0000] "PUT /api/v1/users/reset HTTP/1.1" 500 83 "-" "PostmanRuntime/7.41.0"

info: ::1 - - [07/Aug/2024:09:52:26 +0000] "POST /api/v1/users/reset HTTP/1.1" 500 77 "-" "PostmanRuntime/7.41.0"

info: ::1 - - [07/Aug/2024:09:53:43 +0000] "POST /api/v1/users/reset HTTP/1.1" 500 77 "-" "PostmanRuntime/7.41.0"

info: ::1 - - [07/Aug/2024:09:53:48 +0000] "POST /api/v1/users/reset HTTP/1.1" 500 77 "-" "PostmanRuntime/7.41.0"

info: ::1 - - [07/Aug/2024:09:55:25 +0000] "POST /api/v1/users/reset HTTP/1.1" 500 77 "-" "PostmanRuntime/7.41.0"

info: ::1 - - [07/Aug/2024:09:56:49 +0000] "POST /api/v1/users/reset HTTP/1.1" 202 61 "-" "PostmanRuntime/7.41.0"

info: ::1 - - [07/Aug/2024:09:58:08 +0000] "POST /api/v1/users/reset HTTP/1.1" 202 61 "-" "PostmanRuntime/7.41.0"

info: ::1 - - [07/Aug/2024:10:01:13 +0000] "POST /api/v1/users/reset HTTP/1.1" 404 47 "-" "PostmanRuntime/7.41.0"

info: ::1 - - [07/Aug/2024:10:01:19 +0000] "PUT /api/v1/users/reset HTTP/1.1" 500 83 "-" "PostmanRuntime/7.41.0"

info: ::1 - - [07/Aug/2024:10:10:45 +0000] "POST /api/v1/users/signup HTTP/1.1" 201 253 "-" "PostmanRuntime/7.41.0"

info: ::1 - - [07/Aug/2024:10:11:11 +0000] "POST /api/v1/users/login HTTP/1.1" 200 92 "-" "PostmanRuntime/7.41.0"

info: ::1 - - [07/Aug/2024:10:12:48 +0000] "GET /api/v1/users/ HTTP/1.1" 200 253 "-" "PostmanRuntime/7.41.0"

info: ::1 - - [07/Aug/2024:10:15:21 +0000] "PUT /api/v1/users/update/ HTTP/1.1" 500 62 "-" "PostmanRuntime/7.41.0"

info: ::1 - - [07/Aug/2024:10:15:33 +0000] "PUT /api/v1/users/update/ HTTP/1.1" 500 58 "-" "PostmanRuntime/7.41.0"

info: ::1 - - [07/Aug/2024:10:15:48 +0000] "PUT /api/v1/users/update/ HTTP/1.1" 202 79 "-" "PostmanRuntime/7.41.0"

info: ::1 - - [07/Aug/2024:10:17:08 +0000] "PUT /api/v1/users/change HTTP/1.1" 202 102 "-" "PostmanRuntime/7.41.0"

info: ::1 - - [07/Aug/2024:10:18:31 +0000] "GET /api/v1/users/ HTTP/1.1" 200 253 "-" "PostmanRuntime/7.41.0"

info: ::1 - - [07/Aug/2024:10:19:34 +0000] "GET /api/v1/users/forgot HTTP/1.1" 404 47 "-" "PostmanRuntime/7.41.0"

info: ::1 - - [07/Aug/2024:10:19:44 +0000] "POST /api/v1/users/forgot HTTP/1.1" 404 47 "-" "PostmanRuntime/7.41.0"

info: ::1 - - [07/Aug/2024:10:19:55 +0000] "POST /api/v1/users/forget HTTP/1.1" 202 223 "-" "PostmanRuntime/7.41.0"

info: ::1 - - [07/Aug/2024:10:21:04 +0000] "GET /api/v1/users/reset HTTP/1.1" 404 47 "-" "PostmanRuntime/7.41.0"

info: ::1 - - [07/Aug/2024:10:21:09 +0000] "POST /api/v1/users/reset HTTP/1.1" 404 47 "-" "PostmanRuntime/7.41.0"

info: ::1 - - [07/Aug/2024:10:21:20 +0000] "PUT /api/v1/users/reset HTTP/1.1" 202 61 "-" "PostmanRuntime/7.41.0"

info: ::1 - - [07/Aug/2024:10:22:28 +0000] "PUT /api/v1/users/reset HTTP/1.1" 202 61 "-" "PostmanRuntime/7.41.0"

info: ::1 - - [07/Aug/2024:10:23:00 +0000] "POST /api/v1/users/reset HTTP/1.1" 202 61 "-" "PostmanRuntime/7.41.0"

info: ::1 - - [07/Aug/2024:10:24:06 +0000] "POST /api/v1/users/reset HTTP/1.1" 202 61 "-" "PostmanRuntime/7.41.0"

info: ::1 - - [07/Aug/2024:10:24:23 +0000] "POST /api/v1/users/login HTTP/1.1" 200 92 "-" "PostmanRuntime/7.41.0"

info: ::1 - - [07/Aug/2024:10:25:19 +0000] "PUT /api/v1/users/change HTTP/1.1" 202 81 "-" "PostmanRuntime/7.41.0"

info: ::1 - - [07/Aug/2024:10:26:26 +0000] "PUT /api/v1/users/change HTTP/1.1" 202 81 "-" "PostmanRuntime/7.41.0"

info: ::1 - - [07/Aug/2024:10:26:38 +0000] "POST /api/v1/users/reset HTTP/1.1" 202 61 "-" "PostmanRuntime/7.41.0"

info: ::1 - - [07/Aug/2024:10:28:21 +0000] "POST /api/v1/users/reset HTTP/1.1" 500 55 "-" "PostmanRuntime/7.41.0"

info: ::1 - - [07/Aug/2024:10:31:48 +0000] "POST /api/v1/users/reset HTTP/1.1" 202 61 "-" "PostmanRuntime/7.41.0"

info: ::1 - - [07/Aug/2024:10:32:30 +0000] "POST /api/v1/users/reset HTTP/1.1" 202 61 "-" "PostmanRuntime/7.41.0"

info: ::1 - - [07/Aug/2024:10:37:44 +0000] "POST /api/v1/users/reset HTTP/1.1" 202 61 "-" "PostmanRuntime/7.41.0"

info: ::1 - - [07/Aug/2024:10:38:50 +0000] "POST /api/v1/users/reset HTTP/1.1" 202 61 "-" "PostmanRuntime/7.41.0"

info: ::1 - - [07/Aug/2024:10:39:43 +0000] "POST /api/v1/users/reset HTTP/1.1" 202 253 "-" "PostmanRuntime/7.41.0"

info: ::1 - - [07/Aug/2024:10:42:57 +0000] "POST /api/v1/users/reset HTTP/1.1" 202 61 "-" "PostmanRuntime/7.41.0"

info: ::1 - - [07/Aug/2024:10:44:16 +0000] "POST /api/v1/users/reset HTTP/1.1" 202 207 "-" "PostmanRuntime/7.41.0"

info: ::1 - - [07/Aug/2024:10:44:52 +0000] "POST /api/v1/users/reset HTTP/1.1" 202 259 "-" "PostmanRuntime/7.41.0"

info: ::1 - - [07/Aug/2024:10:47:56 +0000] "PUT /api/v1/users/change HTTP/1.1" 202 81 "-" "PostmanRuntime/7.41.0"

info: ::1 - - [07/Aug/2024:10:48:17 +0000] "PUT /api/v1/users/change HTTP/1.1" 202 88 "-" "PostmanRuntime/7.41.0"

info: ::1 - - [07/Aug/2024:11:18:01 +0000] "POST /api/v1/users/login HTTP/1.1" 200 92 "-" "PostmanRuntime/7.41.0"

info: ::1 - - [07/Aug/2024:11:20:24 +0000] "POST /api/v1/users/login HTTP/1.1" 200 69 "-" "PostmanRuntime/7.41.0"

info: ::1 - - [07/Aug/2024:11:20:36 +0000] "POST /api/v1/users/reset HTTP/1.1" 500 52 "-" "PostmanRuntime/7.41.0"

info: ::1 - - [07/Aug/2024:11:20:48 +0000] "POST /api/v1/users/forget HTTP/1.1" 202 223 "-" "PostmanRuntime/7.41.0"

info: ::1 - - [07/Aug/2024:11:21:04 +0000] "POST /api/v1/users/reset HTTP/1.1" 202 259 "-" "PostmanRuntime/7.41.0"

info: ::1 - - [07/Aug/2024:11:21:15 +0000] "POST /api/v1/users/login HTTP/1.1" 200 213 "-" "PostmanRuntime/7.41.0"

