info: ::1 - - [31/Jul/2024:06:15:15 +0000] "GET /api/v1/ HTTP/1.1" 200 9 "-" "PostmanRuntime/7.40.0"

info: ::1 - - [31/Jul/2024:06:16:10 +0000] "GET /api-docs/ HTTP/1.1" 404 47 "-" "Mozilla/5.0 (Windows NT 10.0; Win64; x64) AppleWebKit/537.36 (KHTML, like Gecko) Chrome/127.0.0.0 Safari/537.36"

info: ::1 - - [31/Jul/2024:06:16:10 +0000] "GET /api-docs/ HTTP/1.1" 404 47 "-" "Mozilla/5.0 (Windows NT 10.0; Win64; x64) AppleWebKit/537.36 (KHTML, like Gecko) Chrome/127.0.0.0 Safari/537.36"

info: ::1 - - [31/Jul/2024:06:16:10 +0000] "GET /favicon.ico HTTP/1.1" 404 47 "-" "Mozilla/5.0 (Windows NT 10.0; Win64; x64) AppleWebKit/537.36 (KHTML, like Gecko) Chrome/127.0.0.0 Safari/537.36"

info: ::1 - - [31/Jul/2024:06:16:44 +0000] "GET /api-docs/ HTTP/1.1" 200 3106 "-" "Mozilla/5.0 (Windows NT 10.0; Win64; x64) AppleWebKit/537.36 (KHTML, like Gecko) Chrome/127.0.0.0 Safari/537.36"

info: ::1 - - [31/Jul/2024:06:16:44 +0000] "GET /api-docs/swagger-ui.css HTTP/1.1" 304 - "-" "Mozilla/5.0 (Windows NT 10.0; Win64; x64) AppleWebKit/537.36 (KHTML, like Gecko) Chrome/127.0.0.0 Safari/537.36"

info: ::1 - - [31/Jul/2024:06:16:45 +0000] "GET /api-docs/swagger-ui-init.js HTTP/1.1" 200 6670 "-" "Mozilla/5.0 (Windows NT 10.0; Win64; x64) AppleWebKit/537.36 (KHTML, like Gecko) Chrome/127.0.0.0 Safari/537.36"

info: ::1 - - [31/Jul/2024:06:16:45 +0000] "GET /api-docs/swagger-ui-bundle.js HTTP/1.1" 304 - "-" "Mozilla/5.0 (Windows NT 10.0; Win64; x64) AppleWebKit/537.36 (KHTML, like Gecko) Chrome/127.0.0.0 Safari/537.36"

info: ::1 - - [31/Jul/2024:06:16:45 +0000] "GET /api-docs/swagger-ui-standalone-preset.js HTTP/1.1" 304 - "-" "Mozilla/5.0 (Windows NT 10.0; Win64; x64) AppleWebKit/537.36 (KHTML, like Gecko) Chrome/127.0.0.0 Safari/537.36"

info: ::1 - - [31/Jul/2024:06:16:45 +0000] "GET /api-docs/ HTTP/1.1" 200 3106 "-" "Mozilla/5.0 (Windows NT 10.0; Win64; x64) AppleWebKit/537.36 (KHTML, like Gecko) Chrome/127.0.0.0 Safari/537.36"

info: ::1 - - [31/Jul/2024:06:16:45 +0000] "GET /api-docs/favicon-32x32.png HTTP/1.1" 304 - "-" "Mozilla/5.0 (Windows NT 10.0; Win64; x64) AppleWebKit/537.36 (KHTML, like Gecko) Chrome/127.0.0.0 Safari/537.36"

info: ::1 - - [31/Jul/2024:06:32:44 +0000] "GET /api-docs/ HTTP/1.1" 304 - "-" "Mozilla/5.0 (Windows NT 10.0; Win64; x64) AppleWebKit/537.36 (KHTML, like Gecko) Chrome/127.0.0.0 Safari/537.36"

info: ::1 - - [31/Jul/2024:06:32:44 +0000] "GET /api-docs/swagger-ui.css HTTP/1.1" 304 - "-" "Mozilla/5.0 (Windows NT 10.0; Win64; x64) AppleWebKit/537.36 (KHTML, like Gecko) Chrome/127.0.0.0 Safari/537.36"

info: ::1 - - [31/Jul/2024:06:32:44 +0000] "GET /api-docs/swagger-ui-init.js HTTP/1.1" 200 6700 "-" "Mozilla/5.0 (Windows NT 10.0; Win64; x64) AppleWebKit/537.36 (KHTML, like Gecko) Chrome/127.0.0.0 Safari/537.36"

info: ::1 - - [31/Jul/2024:06:32:44 +0000] "GET /api-docs/swagger-ui-bundle.js HTTP/1.1" 304 - "-" "Mozilla/5.0 (Windows NT 10.0; Win64; x64) AppleWebKit/537.36 (KHTML, like Gecko) Chrome/127.0.0.0 Safari/537.36"

info: ::1 - - [31/Jul/2024:06:32:44 +0000] "GET /api-docs/swagger-ui-standalone-preset.js HTTP/1.1" 304 - "-" "Mozilla/5.0 (Windows NT 10.0; Win64; x64) AppleWebKit/537.36 (KHTML, like Gecko) Chrome/127.0.0.0 Safari/537.36"

info: ::1 - - [31/Jul/2024:06:32:44 +0000] "GET /api-docs/favicon-32x32.png HTTP/1.1" 304 - "-" "Mozilla/5.0 (Windows NT 10.0; Win64; x64) AppleWebKit/537.36 (KHTML, like Gecko) Chrome/127.0.0.0 Safari/537.36"

info: ::1 - - [31/Jul/2024:06:32:44 +0000] "GET /api-docs/ HTTP/1.1" 304 - "-" "Mozilla/5.0 (Windows NT 10.0; Win64; x64) AppleWebKit/537.36 (KHTML, like Gecko) Chrome/127.0.0.0 Safari/537.36"

info: ::1 - - [31/Jul/2024:06:35:49 +0000] "POST /api/v1/users/signup HTTP/1.1" 201 262 "-" "PostmanRuntime/7.40.0"

info: ::1 - - [31/Jul/2024:06:39:21 +0000] "POST /api/v1/users/update/1 HTTP/1.1" 404 47 "-" "PostmanRuntime/7.40.0"

info: ::1 - - [31/Jul/2024:06:39:37 +0000] "POST /api/v1/users/1 HTTP/1.1" 404 47 "-" "PostmanRuntime/7.40.0"

info: ::1 - - [31/Jul/2024:06:39:54 +0000] "PUT /api/v1/users/1 HTTP/1.1" 202 78 "-" "PostmanRuntime/7.40.0"

info: ::1 - - [31/Jul/2024:06:40:20 +0000] "PUT /api/v1/users/1 HTTP/1.1" 202 77 "-" "PostmanRuntime/7.40.0"

info: ::1 - - [31/Jul/2024:07:13:02 +0000] "PUT /api/v1/users/1 HTTP/1.1" 500 56 "-" "PostmanRuntime/7.40.0"

info: ::1 - - [31/Jul/2024:07:13:15 +0000] "PUT /api/v1/users/1 HTTP/1.1" 500 89 "-" "PostmanRuntime/7.40.0"

info: ::1 - - [31/Jul/2024:07:13:34 +0000] "PUT /api/v1/users/1 HTTP/1.1" 202 83 "-" "PostmanRuntime/7.40.0"

info: ::1 - - [31/Jul/2024:08:02:18 +0000] "POST /api/v1/users/login HTTP/1.1" 200 99 "-" "PostmanRuntime/7.40.0"

info: ::1 - - [31/Jul/2024:08:03:27 +0000] "POST /api/v1/users/login HTTP/1.1" 200 99 "-" "PostmanRuntime/7.40.0"

info: ::1 - - [31/Jul/2024:08:04:09 +0000] "POST /api/v1/users/signup HTTP/1.1" 500 89 "-" "PostmanRuntime/7.40.0"

info: ::1 - - [31/Jul/2024:08:04:28 +0000] "PUT /api/v1/users/1 HTTP/1.1" 202 83 "-" "PostmanRuntime/7.40.0"

info: ::1 - - [31/Jul/2024:08:04:54 +0000] "PUT /api/v1/users/1 HTTP/1.1" 202 83 "-" "PostmanRuntime/7.40.0"

info: ::1 - - [31/Jul/2024:08:05:16 +0000] "PUT /api/v1/users/1 HTTP/1.1" 500 90 "-" "PostmanRuntime/7.40.0"

info: ::1 - - [31/Jul/2024:08:05:45 +0000] "PUT /api/v1/users/1 HTTP/1.1" 202 89 "-" "PostmanRuntime/7.40.0"

info: ::1 - - [31/Jul/2024:08:08:04 +0000] "PUT /api/v1/users/1 HTTP/1.1" 202 87 "-" "PostmanRuntime/7.40.0"

info: ::1 - - [31/Jul/2024:08:11:51 +0000] "POST /api/v1/users/signup HTTP/1.1" 500 51 "-" "PostmanRuntime/7.40.0"

info: ::1 - - [31/Jul/2024:08:12:02 +0000] "POST /api/v1/users/signup HTTP/1.1" 500 51 "-" "PostmanRuntime/7.40.0"

info: ::1 - - [31/Jul/2024:08:20:49 +0000] "POST /api/v1/users/signup HTTP/1.1" 500 51 "-" "PostmanRuntime/7.40.0"

info: ::1 - - [31/Jul/2024:08:21:01 +0000] "POST /api/v1/users/signup HTTP/1.1" 500 90 "-" "PostmanRuntime/7.40.0"

info: ::1 - - [31/Jul/2024:08:21:08 +0000] "POST /api/v1/users/signup HTTP/1.1" 500 51 "-" "PostmanRuntime/7.40.0"

info: ::1 - - [31/Jul/2024:08:22:00 +0000] "POST /api/v1/users/signup HTTP/1.1" 201 266 "-" "PostmanRuntime/7.40.0"

info: ::1 - - [31/Jul/2024:08:22:17 +0000] "PUT /api/v1/users/1 HTTP/1.1" 202 87 "-" "PostmanRuntime/7.40.0"

info: ::1 - - [31/Jul/2024:08:27:14 +0000] "PUT /api/v1/users/1 HTTP/1.1" 202 87 "-" "PostmanRuntime/7.40.0"

info: ::1 - - [31/Jul/2024:08:27:29 +0000] "POST /api/v1/users/signup HTTP/1.1" 201 266 "-" "PostmanRuntime/7.40.0"

info: ::1 - - [31/Jul/2024:08:27:38 +0000] "PUT /api/v1/users/1 HTTP/1.1" 202 87 "-" "PostmanRuntime/7.40.0"

info: ::1 - - [31/Jul/2024:08:27:58 +0000] "PUT /api/v1/users/1 HTTP/1.1" 202 84 "-" "PostmanRuntime/7.40.0"

info: ::1 - - [31/Jul/2024:08:30:28 +0000] "POST /api/v1/notes/create HTTP/1.1" 500 46 "-" "PostmanRuntime/7.40.0"

info: ::1 - - [31/Jul/2024:08:31:02 +0000] "POST /api/v1/users/login HTTP/1.1" 200 101 "-" "PostmanRuntime/7.40.0"

info: ::1 - - [31/Jul/2024:08:31:40 +0000] "POST /api/v1/notes/create HTTP/1.1" 200 224 "-" "PostmanRuntime/7.40.0"

info: ::1 - - [31/Jul/2024:08:32:25 +0000] "POST /api/v1/notes/update/1 HTTP/1.1" 404 47 "-" "PostmanRuntime/7.40.0"

info: ::1 - - [31/Jul/2024:08:33:03 +0000] "POST /api/v1/notes/update HTTP/1.1" 400 30 "-" "PostmanRuntime/7.40.0"

info: ::1 - - [31/Jul/2024:08:35:17 +0000] "POST /api/v1/notes/update HTTP/1.1" 400 41 "-" "PostmanRuntime/7.40.0"

info: ::1 - - [31/Jul/2024:08:36:04 +0000] "POST /api/v1/notes/update HTTP/1.1" 500 114 "-" "PostmanRuntime/7.40.0"

info: ::1 - - [31/Jul/2024:08:37:11 +0000] "POST /api/v1/notes/update HTTP/1.1" 500 99 "-" "PostmanRuntime/7.40.0"

info: ::1 - - [31/Jul/2024:08:37:18 +0000] "POST /api/v1/notes/update HTTP/1.1" 500 99 "-" "PostmanRuntime/7.40.0"

info: ::1 - - [31/Jul/2024:08:38:11 +0000] "POST /api/v1/users/signup HTTP/1.1" 201 264 "-" "PostmanRuntime/7.40.0"

info: ::1 - - [31/Jul/2024:08:38:21 +0000] "POST /api/v1/users/login HTTP/1.1" 200 99 "-" "PostmanRuntime/7.40.0"

info: ::1 - - [31/Jul/2024:08:38:42 +0000] "POST /api/v1/notes/create HTTP/1.1" 200 224 "-" "PostmanRuntime/7.40.0"

info: ::1 - - [31/Jul/2024:08:38:59 +0000] "POST /api/v1/notes/update HTTP/1.1" 200 239 "-" "PostmanRuntime/7.40.0"

info: ::1 - - [31/Jul/2024:08:40:09 +0000] "POST /api/v1/notes/update HTTP/1.1" 200 259 "-" "PostmanRuntime/7.40.0"

info: ::1 - - [31/Jul/2024:10:24:51 +0000] "POST /test HTTP/1.1" 404 47 "-" "PostmanRuntime/7.40.0"

info: ::1 - - [31/Jul/2024:10:26:10 +0000] "POST /api/v1/notes/update HTTP/1.1" 500 46 "-" "PostmanRuntime/7.40.0"

info: ::1 - - [31/Jul/2024:10:26:21 +0000] "GET /api/v1/ HTTP/1.1" 200 9 "-" "PostmanRuntime/7.40.0"

info: ::1 - - [31/Jul/2024:10:28:27 +0000] "GET /api/v1/ HTTP/1.1" 200 9 "-" "PostmanRuntime/7.40.0"

info: ::1 - - [31/Jul/2024:12:21:09 +0000] "GET /api-docs/swagger-ui.css HTTP/1.1" 304 - "-" "Mozilla/5.0 (Windows NT 10.0; Win64; x64) AppleWebKit/537.36 (KHTML, like Gecko) Chrome/127.0.0.0 Safari/537.36"

info: ::1 - - [31/Jul/2024:12:21:09 +0000] "GET /api-docs/swagger-ui-bundle.js HTTP/1.1" 304 - "-" "Mozilla/5.0 (Windows NT 10.0; Win64; x64) AppleWebKit/537.36 (KHTML, like Gecko) Chrome/127.0.0.0 Safari/537.36"

info: ::1 - - [31/Jul/2024:12:21:09 +0000] "GET /api-docs/swagger-ui-standalone-preset.js HTTP/1.1" 304 - "-" "Mozilla/5.0 (Windows NT 10.0; Win64; x64) AppleWebKit/537.36 (KHTML, like Gecko) Chrome/127.0.0.0 Safari/537.36"

info: ::1 - - [31/Jul/2024:12:21:09 +0000] "GET /api-docs/swagger-ui-init.js HTTP/1.1" 304 - "-" "Mozilla/5.0 (Windows NT 10.0; Win64; x64) AppleWebKit/537.36 (KHTML, like Gecko) Chrome/127.0.0.0 Safari/537.36"

info: ::1 - - [31/Jul/2024:12:21:09 +0000] "GET /api-docs/ HTTP/1.1" 304 - "-" "Mozilla/5.0 (Windows NT 10.0; Win64; x64) AppleWebKit/537.36 (KHTML, like Gecko) Chrome/127.0.0.0 Safari/537.36"

