info: ::1 - - [29/Jul/2024:05:51:30 +0000] "GET /api/v1/users/9 HTTP/1.1" 404 47 "-" "PostmanRuntime/7.40.0"

info: ::1 - - [29/Jul/2024:05:51:46 +0000] "POST /api/v1/users/signup HTTP/1.1" 201 331 "-" "PostmanRuntime/7.40.0"

info: ::1 - - [29/Jul/2024:05:55:07 +0000] "POST /api/v1/users/login HTTP/1.1" 200 150 "-" "PostmanRuntime/7.40.0"

info: ::1 - - [29/Jul/2024:05:55:49 +0000] "GET /api/v1/users/header/10 HTTP/1.1" 400 56 "-" "PostmanRuntime/7.40.0"

info: ::1 - - [29/Jul/2024:05:57:35 +0000] "POST /api/v1/users/login HTTP/1.1" 200 94 "-" "PostmanRuntime/7.40.0"

info: ::1 - - [29/Jul/2024:05:57:46 +0000] "GET /api/v1/users/header/10 HTTP/1.1" 400 56 "-" "PostmanRuntime/7.40.0"

info: ::1 - - [29/Jul/2024:05:59:01 +0000] "POST /api/v1/users/login HTTP/1.1" 200 94 "-" "PostmanRuntime/7.40.0"

info: ::1 - - [29/Jul/2024:05:59:06 +0000] "GET /api/v1/users/header/10 HTTP/1.1" 400 56 "-" "PostmanRuntime/7.40.0"

info: ::1 - - [29/Jul/2024:05:59:30 +0000] "POST /api/v1/users/login HTTP/1.1" 200 94 "-" "PostmanRuntime/7.40.0"

info: ::1 - - [29/Jul/2024:05:59:35 +0000] "GET /api/v1/users/header/10 HTTP/1.1" 400 56 "-" "PostmanRuntime/7.40.0"

info: ::1 - - [29/Jul/2024:06:00:18 +0000] "POST /api/v1/users/login HTTP/1.1" 200 94 "-" "PostmanRuntime/7.40.0"

info: ::1 - - [29/Jul/2024:06:00:29 +0000] "GET /api/v1/users/header/10 HTTP/1.1" 400 56 "-" "PostmanRuntime/7.40.0"

info: ::1 - - [29/Jul/2024:06:03:18 +0000] "GET /api/v1/users/header/10 HTTP/1.1" 200 331 "-" "PostmanRuntime/7.40.0"

info: ::1 - - [29/Jul/2024:06:05:31 +0000] "GET /api/v1/users/header/10 HTTP/1.1" 200 331 "-" "PostmanRuntime/7.40.0"

info: ::1 - - [29/Jul/2024:06:07:05 +0000] "GET /api/v1/users/header/10 HTTP/1.1" 404 47 "-" "PostmanRuntime/7.40.0"

info: ::1 - - [29/Jul/2024:06:07:09 +0000] "GET /api/v1/users/header HTTP/1.1" 500 49 "-" "PostmanRuntime/7.40.0"

info: ::1 - - [29/Jul/2024:06:08:05 +0000] "GET /api/v1/users/header/10 HTTP/1.1" 200 331 "-" "PostmanRuntime/7.40.0"

info: ::1 - - [29/Jul/2024:06:27:15 +0000] "POST /api/v1/users/login HTTP/1.1" 200 94 "-" "PostmanRuntime/7.40.0"

info: ::1 - - [29/Jul/2024:06:27:20 +0000] "GET /api/v1/users/header/10 HTTP/1.1" 200 331 "-" "PostmanRuntime/7.40.0"

info: ::1 - - [29/Jul/2024:06:27:27 +0000] "GET /api/v1/users/header/9 HTTP/1.1" 500 49 "-" "PostmanRuntime/7.40.0"

info: ::1 - - [29/Jul/2024:06:28:03 +0000] "POST /api/v1/users/signup HTTP/1.1" 201 334 "-" "PostmanRuntime/7.40.0"

info: ::1 - - [29/Jul/2024:06:28:17 +0000] "GET /api/v1/users/header/11 HTTP/1.1" 200 334 "-" "PostmanRuntime/7.40.0"

info: ::1 - - [29/Jul/2024:06:29:40 +0000] "GET /api/v1/users/header/11 HTTP/1.1" 200 334 "-" "PostmanRuntime/7.40.0"

info: ::1 - - [29/Jul/2024:06:30:15 +0000] "GET /api/v1/users/header/11 HTTP/1.1" 200 334 "-" "PostmanRuntime/7.40.0"

info: ::1 - - [29/Jul/2024:06:31:58 +0000] "GET /api/v1/users/header/11 HTTP/1.1" 500 85 "-" "PostmanRuntime/7.40.0"

info: ::1 - - [29/Jul/2024:06:32:18 +0000] "POST /api/v1/users/login HTTP/1.1" 200 94 "-" "PostmanRuntime/7.40.0"

info: ::1 - - [29/Jul/2024:06:33:23 +0000] "GET /api/v1/users/header/10 HTTP/1.1" 500 85 "-" "PostmanRuntime/7.40.0"

info: ::1 - - [29/Jul/2024:06:34:34 +0000] "GET /api/v1/users/header/10 HTTP/1.1" 200 331 "-" "PostmanRuntime/7.40.0"

info: ::1 - - [29/Jul/2024:06:34:46 +0000] "GET /api/v1/users/header/11 HTTP/1.1" 200 334 "-" "PostmanRuntime/7.40.0"

info: ::1 - - [29/Jul/2024:06:37:20 +0000] "GET /api/v1/users/header/11 HTTP/1.1" 401 37 "-" "PostmanRuntime/7.40.0"

info: ::1 - - [29/Jul/2024:06:37:25 +0000] "GET /api/v1/users/header/10 HTTP/1.1" 200 331 "-" "PostmanRuntime/7.40.0"

info: ::1 - - [29/Jul/2024:11:39:56 +0000] "GET /api/v1/ HTTP/1.1" 200 9 "-" "PostmanRuntime/7.40.0"

info: ::1 - - [29/Jul/2024:11:41:46 +0000] "POST /api/v1/users/login HTTP/1.1" 500 92 "-" "PostmanRuntime/7.40.0"

info: ::1 - - [29/Jul/2024:11:42:01 +0000] "POST /api/v1/users/login HTTP/1.1" 500 68 "-" "PostmanRuntime/7.40.0"

info: ::1 - - [29/Jul/2024:11:44:36 +0000] "POST /api/v1/users/signup HTTP/1.1" 500 84 "-" "PostmanRuntime/7.40.0"

info: ::1 - - [29/Jul/2024:11:44:50 +0000] "POST /api/v1/users/signup HTTP/1.1" 500 84 "-" "PostmanRuntime/7.40.0"

info: ::1 - - [29/Jul/2024:11:46:01 +0000] "POST /api/v1/users/signup HTTP/1.1" 500 84 "-" "PostmanRuntime/7.40.0"

info: ::1 - - [29/Jul/2024:11:46:32 +0000] "POST /api/v1/users/signup HTTP/1.1" 500 84 "-" "PostmanRuntime/7.40.0"

info: ::1 - - [29/Jul/2024:11:49:34 +0000] "POST /api/v1/users/signup HTTP/1.1" 500 84 "-" "PostmanRuntime/7.40.0"

info: ::1 - - [29/Jul/2024:11:51:22 +0000] "POST /api/v1/users/signup HTTP/1.1" 500 84 "-" "PostmanRuntime/7.40.0"

info: ::1 - - [29/Jul/2024:11:51:40 +0000] "POST /api/v1/users/signup HTTP/1.1" 500 84 "-" "PostmanRuntime/7.40.0"

info: ::1 - - [29/Jul/2024:11:54:46 +0000] "POST /api/v1/users/signup HTTP/1.1" 500 84 "-" "PostmanRuntime/7.40.0"

info: ::1 - - [29/Jul/2024:11:56:23 +0000] "POST /api/v1/users/signup HTTP/1.1" 500 84 "-" "PostmanRuntime/7.40.0"

info: ::1 - - [29/Jul/2024:11:57:21 +0000] "POST /api/v1/users/signup HTTP/1.1" 201 255 "-" "PostmanRuntime/7.40.0"

info: ::1 - - [29/Jul/2024:11:59:21 +0000] "POST /api/v1/users/login HTTP/1.1" 200 95 "-" "PostmanRuntime/7.40.0"

info: ::1 - - [29/Jul/2024:12:01:00 +0000] "GET /api/v1/users/1 HTTP/1.1" 200 255 "-" "PostmanRuntime/7.40.0"

info: ::1 - - [29/Jul/2024:12:03:56 +0000] "POST /api/v1/users/login HTTP/1.1" 200 95 "-" "PostmanRuntime/7.40.0"

info: ::1 - - [29/Jul/2024:12:10:00 +0000] "POST /api/v1/users/login HTTP/1.1" 200 95 "-" "PostmanRuntime/7.40.0"

info: ::1 - - [29/Jul/2024:12:11:33 +0000] "POST /api/v1/users/login HTTP/1.1" 200 95 "-" "PostmanRuntime/7.40.0"

info: ::1 - - [29/Jul/2024:12:16:41 +0000] "GET /api/v1/users/1 HTTP/1.1" 200 255 "-" "PostmanRuntime/7.40.0"

info: ::1 - - [29/Jul/2024:12:17:14 +0000] "GET /api/v1/users/1 HTTP/1.1" 200 255 "-" "PostmanRuntime/7.40.0"

info: ::1 - - [29/Jul/2024:12:18:16 +0000] "GET /api/v1/users/1 HTTP/1.1" 200 255 "-" "PostmanRuntime/7.40.0"

info: ::1 - - [29/Jul/2024:17:50:14 +0000] "GET /api/v1/notes/create HTTP/1.1" 500 97 "-" "PostmanRuntime/7.40.0"

info: ::1 - - [29/Jul/2024:17:50:38 +0000] "GET /api/v1/notes/create HTTP/1.1" 500 97 "-" "PostmanRuntime/7.40.0"

info: ::1 - - [29/Jul/2024:17:51:02 +0000] "GET /api/v1/notes/create HTTP/1.1" 500 97 "-" "PostmanRuntime/7.40.0"

info: ::1 - - [29/Jul/2024:17:51:10 +0000] "GET /api/v1/notes/create HTTP/1.1" 500 97 "-" "PostmanRuntime/7.40.0"

info: ::1 - - [29/Jul/2024:17:54:04 +0000] "GET /api/v1/notes/create HTTP/1.1" 500 97 "-" "PostmanRuntime/7.40.0"

info: ::1 - - [29/Jul/2024:17:55:05 +0000] "POST /api/v1/notes/create HTTP/1.1" 500 99 "-" "PostmanRuntime/7.40.0"

info: ::1 - - [29/Jul/2024:17:55:26 +0000] "POST /api/v1/notes/create HTTP/1.1" 200 224 "-" "PostmanRuntime/7.40.0"

info: ::1 - - [29/Jul/2024:17:57:34 +0000] "GET /api/v1/notes/update/1 HTTP/1.1" 404 47 "-" "PostmanRuntime/7.40.0"

info: ::1 - - [29/Jul/2024:17:57:41 +0000] "POST /api/v1/notes/update/1 HTTP/1.1" 500 128 "-" "PostmanRuntime/7.40.0"

info: ::1 - - [29/Jul/2024:17:59:02 +0000] "POST /api/v1/notes/update/1 HTTP/1.1" 200 239 "-" "PostmanRuntime/7.40.0"

