info: ::1 - - [26/Jul/2024:04:55:31 +0000] "GET /api/v1/ HTTP/1.1" 304 - "-" "Mozilla/5.0 (Windows NT 10.0; Win64; x64) AppleWebKit/537.36 (KHTML, like Gecko) Chrome/126.0.0.0 Safari/537.36 Edg/126.0.0.0"

info: ::1 - - [26/Jul/2024:04:56:15 +0000] "POST /api/v1/ HTTP/1.1" 404 47 "-" "PostmanRuntime/7.40.0"

info: ::1 - - [26/Jul/2024:04:58:38 +0000] "POST /api/v1 HTTP/1.1" 404 47 "-" "PostmanRuntime/7.40.0"

info: ::1 - - [26/Jul/2024:04:59:03 +0000] "GET /api/v1/ HTTP/1.1" 200 9 "-" "PostmanRuntime/7.40.0"

info: ::1 - - [26/Jul/2024:05:01:12 +0000] "POST /api/v1/user HTTP/1.1" 404 47 "-" "PostmanRuntime/7.40.0"

info: ::1 - - [26/Jul/2024:05:05:50 +0000] "GET /api/v1/users HTTP/1.1" 200 65 "-" "PostmanRuntime/7.40.0"

info: ::1 - - [26/Jul/2024:05:06:12 +0000] "POST /api/v1/users/ HTTP/1.1" 500 55 "-" "PostmanRuntime/7.40.0"

info: ::1 - - [26/Jul/2024:05:07:47 +0000] "POST /api/v1/users HTTP/1.1" 500 55 "-" "PostmanRuntime/7.40.0"

info: ::1 - - [26/Jul/2024:05:09:01 +0000] "POST /api/v1/users HTTP/1.1" 500 55 "-" "PostmanRuntime/7.40.0"

info: ::1 - - [26/Jul/2024:05:09:15 +0000] "GET /api/v1/users HTTP/1.1" 200 65 "-" "PostmanRuntime/7.40.0"

info: ::1 - - [26/Jul/2024:05:21:53 +0000] "POST /api/v1/users HTTP/1.1" 500 55 "-" "PostmanRuntime/7.40.0"

info: ::1 - - [26/Jul/2024:05:22:29 +0000] "POST /api/v1/users HTTP/1.1" 201 190 "-" "PostmanRuntime/7.40.0"

info: ::1 - - [26/Jul/2024:05:23:10 +0000] "POST /api/v1/users HTTP/1.1" 500 55 "-" "PostmanRuntime/7.40.0"

info: ::1 - - [26/Jul/2024:05:29:38 +0000] "GET /api/v1/users HTTP/1.1" 200 197 "-" "PostmanRuntime/7.40.0"

info: ::1 - - [26/Jul/2024:05:30:52 +0000] "GET /api/v1/users HTTP/1.1" 200 197 "-" "PostmanRuntime/7.40.0"

info: ::1 - - [26/Jul/2024:05:52:52 +0000] "POST /api/v1/users HTTP/1.1" 500 55 "-" "PostmanRuntime/7.40.0"

info: ::1 - - [26/Jul/2024:05:53:06 +0000] "POST /api/v1/users HTTP/1.1" 500 55 "-" "PostmanRuntime/7.40.0"

info: ::1 - - [26/Jul/2024:05:53:19 +0000] "GET /api/v1/users HTTP/1.1" 200 197 "-" "PostmanRuntime/7.40.0"

info: ::1 - - [26/Jul/2024:05:54:20 +0000] "GET /api/v1/users HTTP/1.1" 200 197 "-" "PostmanRuntime/7.40.0"

info: ::1 - - [26/Jul/2024:05:54:31 +0000] "POST /api/v1/users HTTP/1.1" 500 55 "-" "PostmanRuntime/7.40.0"

info: ::1 - - [26/Jul/2024:05:55:23 +0000] "POST /api/v1/users HTTP/1.1" 500 55 "-" "PostmanRuntime/7.40.0"

info: ::1 - - [26/Jul/2024:05:56:27 +0000] "POST /api/v1/users HTTP/1.1" 500 55 "-" "PostmanRuntime/7.40.0"

info: ::1 - - [26/Jul/2024:05:57:03 +0000] "GET /api/v1/users HTTP/1.1" 200 197 "-" "PostmanRuntime/7.40.0"

info: ::1 - - [26/Jul/2024:06:04:27 +0000] "POST /api/v1/users HTTP/1.1" 500 55 "-" "PostmanRuntime/7.40.0"

info: ::1 - - [26/Jul/2024:06:05:03 +0000] "POST /api/v1/users HTTP/1.1" 500 55 "-" "PostmanRuntime/7.40.0"

info: ::1 - - [26/Jul/2024:06:09:03 +0000] "POST /api/v1/users HTTP/1.1" 201 216 "-" "PostmanRuntime/7.40.0"

info: ::1 - - [26/Jul/2024:06:12:27 +0000] "GET /api/v1/users/1 HTTP/1.1" 400 56 "-" "PostmanRuntime/7.40.0"

info: ::1 - - [26/Jul/2024:06:12:45 +0000] "GET /api/v1/users/2 HTTP/1.1" 400 56 "-" "PostmanRuntime/7.40.0"

info: ::1 - - [26/Jul/2024:06:13:51 +0000] "GET /api/v1/users/2 HTTP/1.1" 200 216 "-" "PostmanRuntime/7.40.0"

info: ::1 - - [26/Jul/2024:07:04:25 +0000] "GET /api/v1/users HTTP/1.1" 200 65 "-" "PostmanRuntime/7.40.0"

info: ::1 - - [26/Jul/2024:07:04:37 +0000] "POST /api/v1/users HTTP/1.1" 201 232 "-" "PostmanRuntime/7.40.0"

info: ::1 - - [26/Jul/2024:08:46:53 +0000] "POST /api/v1/users HTTP/1.1" 201 290 "-" "PostmanRuntime/7.40.0"

info: ::1 - - [26/Jul/2024:08:47:14 +0000] "GET /api/v1/users HTTP/1.1" 200 297 "-" "PostmanRuntime/7.40.0"

info: ::1 - - [26/Jul/2024:09:05:41 +0000] "POST /api/v1/users/login HTTP/1.1" 404 47 "-" "PostmanRuntime/7.40.0"

info: ::1 - - [26/Jul/2024:09:06:54 +0000] "POST /api/v1/users/login HTTP/1.1" 404 47 "-" "PostmanRuntime/7.40.0"

info: ::1 - - [26/Jul/2024:09:07:17 +0000] "GET /api/v1/users/login HTTP/1.1" 404 47 "-" "PostmanRuntime/7.40.0"

info: ::1 - - [26/Jul/2024:09:08:17 +0000] "GET /api/v1/users/login HTTP/1.1" 404 47 "-" "PostmanRuntime/7.40.0"

info: ::1 - - [26/Jul/2024:09:10:53 +0000] "GET /api/v1/users/login HTTP/1.1" 200 62 "-" "PostmanRuntime/7.40.0"

info: ::1 - - [26/Jul/2024:09:11:01 +0000] "GET /api/v1/users/login HTTP/1.1" 200 50 "-" "PostmanRuntime/7.40.0"

info: ::1 - - [26/Jul/2024:09:11:20 +0000] "GET /api/v1/users/login HTTP/1.1" 200 50 "-" "PostmanRuntime/7.40.0"

info: ::1 - - [26/Jul/2024:09:11:34 +0000] "GET /api/v1/users/login HTTP/1.1" 200 50 "-" "PostmanRuntime/7.40.0"

info: ::1 - - [26/Jul/2024:09:11:43 +0000] "GET /api/v1/users/login HTTP/1.1" 200 84 "-" "PostmanRuntime/7.40.0"

info: ::1 - - [26/Jul/2024:09:14:04 +0000] "GET /api/v1/users/login HTTP/1.1" 200 50 "-" "PostmanRuntime/7.40.0"

info: ::1 - - [26/Jul/2024:09:16:17 +0000] "GET /api/v1/users/login HTTP/1.1" 200 50 "-" "PostmanRuntime/7.40.0"

info: ::1 - - [26/Jul/2024:09:16:28 +0000] "GET /api/v1/users/login HTTP/1.1" 200 50 "-" "PostmanRuntime/7.40.0"

info: ::1 - - [26/Jul/2024:09:16:34 +0000] "GET /api/v1/users/login HTTP/1.1" 200 75 "-" "PostmanRuntime/7.40.0"

info: ::1 - - [26/Jul/2024:09:19:09 +0000] "GET /api/v1/users/login HTTP/1.1" 200 50 "-" "PostmanRuntime/7.40.0"

info: ::1 - - [26/Jul/2024:09:19:33 +0000] "GET /api/v1/users/login HTTP/1.1" 400 24 "-" "PostmanRuntime/7.40.0"

info: ::1 - - [26/Jul/2024:09:20:16 +0000] "GET /api/v1/users/login HTTP/1.1" 400 24 "-" "PostmanRuntime/7.40.0"

info: ::1 - - [26/Jul/2024:09:28:00 +0000] "GET /api/v1/users/login HTTP/1.1" 502 35 "-" "PostmanRuntime/7.40.0"

info: ::1 - - [26/Jul/2024:09:28:40 +0000] "GET /api/v1/users/login HTTP/1.1" 400 35 "-" "PostmanRuntime/7.40.0"

