info: Server started at localhost:3000/api/v1/ {"timestamp":"2024-08-06T10:13:49.399Z"}
info: Server started at localhost:3000/api/v1/ {"timestamp":"2024-08-06T10:14:33.999Z"}
error: 
    status - 500 
    message - Error: 
    at Query.run (C:\Users\Sakhare Sohan\Desktop\FundooNotes_Project\fundooNotes\node_modules\sequelize\src\dialects\postgres\query.js:76:25)
    at C:\Users\Sakhare Sohan\Desktop\FundooNotes_Project\fundooNotes\node_modules\sequelize\src\sequelize.js:650:28
    at processTicksAndRejections (node:internal/process/task_queues:96:5)
    at PostgresQueryInterface.insert (C:\Users\Sakhare Sohan\Desktop\FundooNotes_Project\fundooNotes\node_modules\sequelize\src\dialects\abstract\query-interface.js:795:21)
    at User.save (C:\Users\Sakhare Sohan\Desktop\FundooNotes_Project\fundooNotes\node_modules\sequelize\src\model.js:4154:35)
    at Function.create (C:\Users\Sakhare Sohan\Desktop\FundooNotes_Project\fundooNotes\node_modules\sequelize\src\model.js:2305:12) 
    url - /api/v1/users/signup/ 
    method - POST 
    IP - ::1
   {"timestamp":"2024-08-06T10:15:34.838Z"}
error: 
    status - 500 
    message - Error: 
    at Query.run (C:\Users\Sakhare Sohan\Desktop\FundooNotes_Project\fundooNotes\node_modules\sequelize\src\dialects\postgres\query.js:76:25)
    at C:\Users\Sakhare Sohan\Desktop\FundooNotes_Project\fundooNotes\node_modules\sequelize\src\sequelize.js:650:28
    at processTicksAndRejections (node:internal/process/task_queues:96:5)
    at PostgresQueryInterface.insert (C:\Users\Sakhare Sohan\Desktop\FundooNotes_Project\fundooNotes\node_modules\sequelize\src\dialects\abstract\query-interface.js:795:21)
    at User.save (C:\Users\Sakhare Sohan\Desktop\FundooNotes_Project\fundooNotes\node_modules\sequelize\src\model.js:4154:35)
    at Function.create (C:\Users\Sakhare Sohan\Desktop\FundooNotes_Project\fundooNotes\node_modules\sequelize\src\model.js:2305:12) 
    url - /api/v1/users/signup/ 
    method - POST 
    IP - ::1
   {"timestamp":"2024-08-06T10:16:01.566Z"}
error: 
    status - 500 
    message - SyntaxError: Unexpected string in JSON at position 71
    at JSON.parse (<anonymous>)
    at parse (C:\Users\Sakhare Sohan\Desktop\FundooNotes_Project\fundooNotes\node_modules\body-parser\lib\types\json.js:92:19)
    at C:\Users\Sakhare Sohan\Desktop\FundooNotes_Project\fundooNotes\node_modules\body-parser\lib\read.js:128:18
    at AsyncResource.runInAsyncScope (node:async_hooks:202:9)
    at invokeCallback (C:\Users\Sakhare Sohan\Desktop\FundooNotes_Project\fundooNotes\node_modules\raw-body\index.js:238:16)
    at done (C:\Users\Sakhare Sohan\Desktop\FundooNotes_Project\fundooNotes\node_modules\raw-body\index.js:227:7)
    at IncomingMessage.onEnd (C:\Users\Sakhare Sohan\Desktop\FundooNotes_Project\fundooNotes\node_modules\raw-body\index.js:287:7)
    at IncomingMessage.emit (node:events:539:35)
    at endReadableNT (node:internal/streams/readable:1345:12)
    at processTicksAndRejections (node:internal/process/task_queues:83:21) 
    url - /api/v1/users/signup/ 
    method - POST 
    IP - ::1
   {"timestamp":"2024-08-06T10:17:35.345Z"}
error: 
    status - 500 
    message - Error: 
    at Query.run (C:\Users\Sakhare Sohan\Desktop\FundooNotes_Project\fundooNotes\node_modules\sequelize\src\dialects\postgres\query.js:76:25)
    at C:\Users\Sakhare Sohan\Desktop\FundooNotes_Project\fundooNotes\node_modules\sequelize\src\sequelize.js:650:28
    at processTicksAndRejections (node:internal/process/task_queues:96:5)
    at PostgresQueryInterface.insert (C:\Users\Sakhare Sohan\Desktop\FundooNotes_Project\fundooNotes\node_modules\sequelize\src\dialects\abstract\query-interface.js:795:21)
    at User.save (C:\Users\Sakhare Sohan\Desktop\FundooNotes_Project\fundooNotes\node_modules\sequelize\src\model.js:4154:35)
    at Function.create (C:\Users\Sakhare Sohan\Desktop\FundooNotes_Project\fundooNotes\node_modules\sequelize\src\model.js:2305:12) 
    url - /api/v1/users/signup 
    method - POST 
    IP - ::1
   {"timestamp":"2024-08-06T10:18:41.643Z"}
info: Server started at localhost:3000/api/v1/ {"timestamp":"2024-08-06T10:19:51.650Z"}
error: 
    status - 500 
    message - Error: 
    at Query.run (C:\Users\Sakhare Sohan\Desktop\FundooNotes_Project\fundooNotes\node_modules\sequelize\src\dialects\postgres\query.js:76:25)
    at C:\Users\Sakhare Sohan\Desktop\FundooNotes_Project\fundooNotes\node_modules\sequelize\src\sequelize.js:650:28
    at PostgresQueryInterface.insert (C:\Users\Sakhare Sohan\Desktop\FundooNotes_Project\fundooNotes\node_modules\sequelize\src\dialects\abstract\query-interface.js:795:21)
    at User.save (C:\Users\Sakhare Sohan\Desktop\FundooNotes_Project\fundooNotes\node_modules\sequelize\src\model.js:4154:35)
    at Function.create (C:\Users\Sakhare Sohan\Desktop\FundooNotes_Project\fundooNotes\node_modules\sequelize\src\model.js:2305:12) 
    url - /api/v1/users/signup 
    method - POST 
    IP - ::1
   {"timestamp":"2024-08-06T10:19:59.183Z"}
info: Server started at localhost:3000/api/v1/ {"timestamp":"2024-08-06T10:20:49.105Z"}
info: Server started at localhost:3000/api/v1/ {"timestamp":"2024-08-06T10:21:40.894Z"}
info: Server started at localhost:3000/api/v1/ {"timestamp":"2024-08-06T10:22:26.618Z"}
error: 
    status - 500 
    message - SyntaxError: Unexpected string in JSON at position 71
    at JSON.parse (<anonymous>)
    at parse (C:\Users\Sakhare Sohan\Desktop\FundooNotes_Project\fundooNotes\node_modules\body-parser\lib\types\json.js:92:19)
    at C:\Users\Sakhare Sohan\Desktop\FundooNotes_Project\fundooNotes\node_modules\body-parser\lib\read.js:128:18
    at AsyncResource.runInAsyncScope (node:async_hooks:202:9)
    at invokeCallback (C:\Users\Sakhare Sohan\Desktop\FundooNotes_Project\fundooNotes\node_modules\raw-body\index.js:238:16)
    at done (C:\Users\Sakhare Sohan\Desktop\FundooNotes_Project\fundooNotes\node_modules\raw-body\index.js:227:7)
    at IncomingMessage.onEnd (C:\Users\Sakhare Sohan\Desktop\FundooNotes_Project\fundooNotes\node_modules\raw-body\index.js:287:7)
    at IncomingMessage.emit (node:events:539:35)
    at endReadableNT (node:internal/streams/readable:1345:12)
    at processTicksAndRejections (node:internal/process/task_queues:83:21) 
    url - /api/v1/users/signup/ 
    method - POST 
    IP - ::1
   {"timestamp":"2024-08-06T10:22:46.567Z"}
info: Server started at localhost:3000/api/v1/ {"timestamp":"2024-08-06T10:24:26.738Z"}
info: Server started at localhost:3000/api/v1/ {"timestamp":"2024-08-06T10:25:21.528Z"}
info: Server started at localhost:3000/api/v1/ {"timestamp":"2024-08-06T10:28:55.335Z"}
info: Server started at localhost:3000/api/v1/ {"timestamp":"2024-08-06T10:28:58.076Z"}
info: Server started at localhost:3000/api/v1/ {"timestamp":"2024-08-06T10:30:30.812Z"}
info: Server started at localhost:3000/api/v1/ {"timestamp":"2024-08-06T10:31:00.574Z"}
info: Server started at localhost:3000/api/v1/ {"timestamp":"2024-08-06T10:31:05.075Z"}
error: 
    status - 500 
    message - Error: 
    at Query.run (C:\Users\Sakhare Sohan\Desktop\FundooNotes_Project\fundooNotes\node_modules\sequelize\src\dialects\postgres\query.js:76:25)
    at C:\Users\Sakhare Sohan\Desktop\FundooNotes_Project\fundooNotes\node_modules\sequelize\src\sequelize.js:650:28
    at processTicksAndRejections (node:internal/process/task_queues:96:5)
    at PostgresQueryInterface.insert (C:\Users\Sakhare Sohan\Desktop\FundooNotes_Project\fundooNotes\node_modules\sequelize\src\dialects\abstract\query-interface.js:795:21)
    at User.save (C:\Users\Sakhare Sohan\Desktop\FundooNotes_Project\fundooNotes\node_modules\sequelize\src\model.js:4154:35)
    at Function.create (C:\Users\Sakhare Sohan\Desktop\FundooNotes_Project\fundooNotes\node_modules\sequelize\src\model.js:2305:12) 
    url - /api/v1/users/signup/ 
    method - POST 
    IP - ::1
   {"timestamp":"2024-08-06T10:32:06.177Z"}
info: Server started at localhost:3000/api/v1/ {"timestamp":"2024-08-06T10:34:48.390Z"}
error: 
    status - 500 
    message - Error: 
    at Query.run (C:\Users\Sakhare Sohan\Desktop\FundooNotes_Project\fundooNotes\node_modules\sequelize\src\dialects\postgres\query.js:76:25)
    at C:\Users\Sakhare Sohan\Desktop\FundooNotes_Project\fundooNotes\node_modules\sequelize\src\sequelize.js:650:28
    at processTicksAndRejections (node:internal/process/task_queues:96:5)
    at PostgresQueryInterface.insert (C:\Users\Sakhare Sohan\Desktop\FundooNotes_Project\fundooNotes\node_modules\sequelize\src\dialects\abstract\query-interface.js:795:21)
    at User.save (C:\Users\Sakhare Sohan\Desktop\FundooNotes_Project\fundooNotes\node_modules\sequelize\src\model.js:4154:35)
    at Function.create (C:\Users\Sakhare Sohan\Desktop\FundooNotes_Project\fundooNotes\node_modules\sequelize\src\model.js:2305:12) 
    url - /api/v1/users/signup/ 
    method - POST 
    IP - ::1
   {"timestamp":"2024-08-06T10:35:00.476Z"}
error: 
    status - 500 
    message - Error: 
    at Query.run (C:\Users\Sakhare Sohan\Desktop\FundooNotes_Project\fundooNotes\node_modules\sequelize\src\dialects\postgres\query.js:76:25)
    at C:\Users\Sakhare Sohan\Desktop\FundooNotes_Project\fundooNotes\node_modules\sequelize\src\sequelize.js:650:28
    at processTicksAndRejections (node:internal/process/task_queues:96:5)
    at PostgresQueryInterface.insert (C:\Users\Sakhare Sohan\Desktop\FundooNotes_Project\fundooNotes\node_modules\sequelize\src\dialects\abstract\query-interface.js:795:21)
    at User.save (C:\Users\Sakhare Sohan\Desktop\FundooNotes_Project\fundooNotes\node_modules\sequelize\src\model.js:4154:35)
    at Function.create (C:\Users\Sakhare Sohan\Desktop\FundooNotes_Project\fundooNotes\node_modules\sequelize\src\model.js:2305:12) 
    url - /api/v1/users/signup/ 
    method - POST 
    IP - ::1
   {"timestamp":"2024-08-06T10:35:15.765Z"}
error: 
    status - 500 
    message - Error: 
    at Query.run (C:\Users\Sakhare Sohan\Desktop\FundooNotes_Project\fundooNotes\node_modules\sequelize\src\dialects\postgres\query.js:76:25)
    at C:\Users\Sakhare Sohan\Desktop\FundooNotes_Project\fundooNotes\node_modules\sequelize\src\sequelize.js:650:28
    at processTicksAndRejections (node:internal/process/task_queues:96:5)
    at PostgresQueryInterface.insert (C:\Users\Sakhare Sohan\Desktop\FundooNotes_Project\fundooNotes\node_modules\sequelize\src\dialects\abstract\query-interface.js:795:21)
    at User.save (C:\Users\Sakhare Sohan\Desktop\FundooNotes_Project\fundooNotes\node_modules\sequelize\src\model.js:4154:35)
    at Function.create (C:\Users\Sakhare Sohan\Desktop\FundooNotes_Project\fundooNotes\node_modules\sequelize\src\model.js:2305:12) 
    url - /api/v1/users/signup/ 
    method - POST 
    IP - ::1
   {"timestamp":"2024-08-06T10:36:08.928Z"}
error: 
    status - 500 
    message - Error: 
    at Query.run (C:\Users\Sakhare Sohan\Desktop\FundooNotes_Project\fundooNotes\node_modules\sequelize\src\dialects\postgres\query.js:76:25)
    at C:\Users\Sakhare Sohan\Desktop\FundooNotes_Project\fundooNotes\node_modules\sequelize\src\sequelize.js:650:28
    at processTicksAndRejections (node:internal/process/task_queues:96:5)
    at PostgresQueryInterface.insert (C:\Users\Sakhare Sohan\Desktop\FundooNotes_Project\fundooNotes\node_modules\sequelize\src\dialects\abstract\query-interface.js:795:21)
    at User.save (C:\Users\Sakhare Sohan\Desktop\FundooNotes_Project\fundooNotes\node_modules\sequelize\src\model.js:4154:35)
    at Function.create (C:\Users\Sakhare Sohan\Desktop\FundooNotes_Project\fundooNotes\node_modules\sequelize\src\model.js:2305:12) 
    url - /api/v1/users/signup 
    method - POST 
    IP - ::1
   {"timestamp":"2024-08-06T10:36:19.141Z"}
error: 
    status - 500 
    message - Error: 
    at Query.run (C:\Users\Sakhare Sohan\Desktop\FundooNotes_Project\fundooNotes\node_modules\sequelize\src\dialects\postgres\query.js:76:25)
    at C:\Users\Sakhare Sohan\Desktop\FundooNotes_Project\fundooNotes\node_modules\sequelize\src\sequelize.js:650:28
    at processTicksAndRejections (node:internal/process/task_queues:96:5)
    at PostgresQueryInterface.insert (C:\Users\Sakhare Sohan\Desktop\FundooNotes_Project\fundooNotes\node_modules\sequelize\src\dialects\abstract\query-interface.js:795:21)
    at User.save (C:\Users\Sakhare Sohan\Desktop\FundooNotes_Project\fundooNotes\node_modules\sequelize\src\model.js:4154:35)
    at Function.create (C:\Users\Sakhare Sohan\Desktop\FundooNotes_Project\fundooNotes\node_modules\sequelize\src\model.js:2305:12) 
    url - /api/v1/users/signup/ 
    method - POST 
    IP - ::1
   {"timestamp":"2024-08-06T10:39:00.056Z"}
info: Server started at localhost:3000/api/v1/ {"timestamp":"2024-08-06T10:40:01.747Z"}
error: 
    status - 500 
    message - Error: 
    at Query.run (C:\Users\Sakhare Sohan\Desktop\FundooNotes_Project\fundooNotes\node_modules\sequelize\src\dialects\postgres\query.js:76:25)
    at C:\Users\Sakhare Sohan\Desktop\FundooNotes_Project\fundooNotes\node_modules\sequelize\src\sequelize.js:650:28
    at processTicksAndRejections (node:internal/process/task_queues:96:5)
    at PostgresQueryInterface.insert (C:\Users\Sakhare Sohan\Desktop\FundooNotes_Project\fundooNotes\node_modules\sequelize\src\dialects\abstract\query-interface.js:795:21)
    at User.save (C:\Users\Sakhare Sohan\Desktop\FundooNotes_Project\fundooNotes\node_modules\sequelize\src\model.js:4154:35)
    at Function.create (C:\Users\Sakhare Sohan\Desktop\FundooNotes_Project\fundooNotes\node_modules\sequelize\src\model.js:2305:12) 
    url - /api/v1/users/signup/ 
    method - POST 
    IP - ::1
   {"timestamp":"2024-08-06T10:40:50.266Z"}
error: 
    status - 500 
    message - Error: 
    at Query.run (C:\Users\Sakhare Sohan\Desktop\FundooNotes_Project\fundooNotes\node_modules\sequelize\src\dialects\postgres\query.js:76:25)
    at C:\Users\Sakhare Sohan\Desktop\FundooNotes_Project\fundooNotes\node_modules\sequelize\src\sequelize.js:650:28
    at processTicksAndRejections (node:internal/process/task_queues:96:5)
    at PostgresQueryInterface.insert (C:\Users\Sakhare Sohan\Desktop\FundooNotes_Project\fundooNotes\node_modules\sequelize\src\dialects\abstract\query-interface.js:795:21)
    at User.save (C:\Users\Sakhare Sohan\Desktop\FundooNotes_Project\fundooNotes\node_modules\sequelize\src\model.js:4154:35)
    at Function.create (C:\Users\Sakhare Sohan\Desktop\FundooNotes_Project\fundooNotes\node_modules\sequelize\src\model.js:2305:12) 
    url - /api/v1/users/signup/ 
    method - POST 
    IP - ::1
   {"timestamp":"2024-08-06T10:41:02.787Z"}
error: 
    status - 500 
    message - Error: 
    at Query.run (C:\Users\Sakhare Sohan\Desktop\FundooNotes_Project\fundooNotes\node_modules\sequelize\src\dialects\postgres\query.js:76:25)
    at C:\Users\Sakhare Sohan\Desktop\FundooNotes_Project\fundooNotes\node_modules\sequelize\src\sequelize.js:650:28
    at processTicksAndRejections (node:internal/process/task_queues:96:5)
    at PostgresQueryInterface.insert (C:\Users\Sakhare Sohan\Desktop\FundooNotes_Project\fundooNotes\node_modules\sequelize\src\dialects\abstract\query-interface.js:795:21)
    at User.save (C:\Users\Sakhare Sohan\Desktop\FundooNotes_Project\fundooNotes\node_modules\sequelize\src\model.js:4154:35)
    at Function.create (C:\Users\Sakhare Sohan\Desktop\FundooNotes_Project\fundooNotes\node_modules\sequelize\src\model.js:2305:12) 
    url - /api/v1/users/signup/ 
    method - POST 
    IP - ::1
   {"timestamp":"2024-08-06T10:41:16.248Z"}
error: 
    status - 500 
    message - Error: 
    at Query.run (C:\Users\Sakhare Sohan\Desktop\FundooNotes_Project\fundooNotes\node_modules\sequelize\src\dialects\postgres\query.js:76:25)
    at C:\Users\Sakhare Sohan\Desktop\FundooNotes_Project\fundooNotes\node_modules\sequelize\src\sequelize.js:650:28
    at processTicksAndRejections (node:internal/process/task_queues:96:5)
    at PostgresQueryInterface.insert (C:\Users\Sakhare Sohan\Desktop\FundooNotes_Project\fundooNotes\node_modules\sequelize\src\dialects\abstract\query-interface.js:795:21)
    at User.save (C:\Users\Sakhare Sohan\Desktop\FundooNotes_Project\fundooNotes\node_modules\sequelize\src\model.js:4154:35)
    at Function.create (C:\Users\Sakhare Sohan\Desktop\FundooNotes_Project\fundooNotes\node_modules\sequelize\src\model.js:2305:12) 
    url - /api/v1/users/signup/ 
    method - POST 
    IP - ::1
   {"timestamp":"2024-08-06T10:41:30.490Z"}
error: 
    status - 500 
    message - Error: 
    at Query.run (C:\Users\Sakhare Sohan\Desktop\FundooNotes_Project\fundooNotes\node_modules\sequelize\src\dialects\postgres\query.js:76:25)
    at C:\Users\Sakhare Sohan\Desktop\FundooNotes_Project\fundooNotes\node_modules\sequelize\src\sequelize.js:650:28
    at processTicksAndRejections (node:internal/process/task_queues:96:5)
    at PostgresQueryInterface.insert (C:\Users\Sakhare Sohan\Desktop\FundooNotes_Project\fundooNotes\node_modules\sequelize\src\dialects\abstract\query-interface.js:795:21)
    at User.save (C:\Users\Sakhare Sohan\Desktop\FundooNotes_Project\fundooNotes\node_modules\sequelize\src\model.js:4154:35)
    at Function.create (C:\Users\Sakhare Sohan\Desktop\FundooNotes_Project\fundooNotes\node_modules\sequelize\src\model.js:2305:12) 
    url - /api/v1/users/signup 
    method - POST 
    IP - ::1
   {"timestamp":"2024-08-06T10:41:49.133Z"}
error: 
    status - 500 
    message - Error: 
    at Query.run (C:\Users\Sakhare Sohan\Desktop\FundooNotes_Project\fundooNotes\node_modules\sequelize\src\dialects\postgres\query.js:76:25)
    at C:\Users\Sakhare Sohan\Desktop\FundooNotes_Project\fundooNotes\node_modules\sequelize\src\sequelize.js:650:28
    at processTicksAndRejections (node:internal/process/task_queues:96:5)
    at PostgresQueryInterface.insert (C:\Users\Sakhare Sohan\Desktop\FundooNotes_Project\fundooNotes\node_modules\sequelize\src\dialects\abstract\query-interface.js:795:21)
    at User.save (C:\Users\Sakhare Sohan\Desktop\FundooNotes_Project\fundooNotes\node_modules\sequelize\src\model.js:4154:35)
    at Function.create (C:\Users\Sakhare Sohan\Desktop\FundooNotes_Project\fundooNotes\node_modules\sequelize\src\model.js:2305:12) 
    url - /api/v1/users/signup 
    method - POST 
    IP - ::1
   {"timestamp":"2024-08-06T10:42:11.708Z"}
info: Server started at localhost:3000/api/v1/ {"timestamp":"2024-08-06T10:43:35.574Z"}
info: Server started at localhost:3000/api/v1/ {"timestamp":"2024-08-06T10:43:42.053Z"}
info: Server started at localhost:3000/api/v1/ {"timestamp":"2024-08-06T10:46:22.594Z"}
info: Server started at localhost:3000/api/v1/ {"timestamp":"2024-08-06T10:47:30.671Z"}
info: Server started at localhost:3000/api/v1/ {"timestamp":"2024-08-06T10:47:36.028Z"}
info: Server started at localhost:3000/api/v1/ {"timestamp":"2024-08-06T10:47:40.060Z"}
info: Server started at localhost:3000/api/v1/ {"timestamp":"2024-08-06T10:47:47.083Z"}
info: Server started at localhost:3000/api/v1/ {"timestamp":"2024-08-06T10:47:54.942Z"}
info: Server started at localhost:3000/api/v1/ {"timestamp":"2024-08-06T10:48:32.602Z"}
info: Server started at localhost:3000/api/v1/ {"timestamp":"2024-08-06T10:50:49.771Z"}
info: Server started at localhost:3000/api/v1/ {"timestamp":"2024-08-06T10:50:51.750Z"}
info: Server started at localhost:3000/api/v1/ {"timestamp":"2024-08-06T10:50:52.844Z"}
info: Server started at localhost:3000/api/v1/ {"timestamp":"2024-08-06T10:50:56.286Z"}
info: Server started at localhost:3000/api/v1/ {"timestamp":"2024-08-06T10:51:28.723Z"}
error: 
    status - 500 
    message - SyntaxError: Unexpected token } in JSON at position 94
    at JSON.parse (<anonymous>)
    at parse (C:\Users\Sakhare Sohan\Desktop\FundooNotes_Project\fundooNotes\node_modules\body-parser\lib\types\json.js:92:19)
    at C:\Users\Sakhare Sohan\Desktop\FundooNotes_Project\fundooNotes\node_modules\body-parser\lib\read.js:128:18
    at AsyncResource.runInAsyncScope (node:async_hooks:202:9)
    at invokeCallback (C:\Users\Sakhare Sohan\Desktop\FundooNotes_Project\fundooNotes\node_modules\raw-body\index.js:238:16)
    at done (C:\Users\Sakhare Sohan\Desktop\FundooNotes_Project\fundooNotes\node_modules\raw-body\index.js:227:7)
    at IncomingMessage.onEnd (C:\Users\Sakhare Sohan\Desktop\FundooNotes_Project\fundooNotes\node_modules\raw-body\index.js:287:7)
    at IncomingMessage.emit (node:events:539:35)
    at endReadableNT (node:internal/streams/readable:1345:12)
    at processTicksAndRejections (node:internal/process/task_queues:83:21) 
    url - /api/v1/notes/create/ 
    method - POST 
    IP - ::1
   {"timestamp":"2024-08-06T10:53:55.341Z"}
info: Server started at localhost:3000/api/v1/ {"timestamp":"2024-08-06T10:56:06.110Z"}
info: Server started at localhost:3000/api/v1/ {"timestamp":"2024-08-06T10:56:32.028Z"}
info: Server started at localhost:3000/api/v1/ {"timestamp":"2024-08-06T10:57:07.482Z"}
info: Server started at localhost:3000/api/v1/ {"timestamp":"2024-08-06T10:57:12.218Z"}
info: Server started at localhost:3000/api/v1/ {"timestamp":"2024-08-06T10:57:14.592Z"}
info: Server started at localhost:3000/api/v1/ {"timestamp":"2024-08-06T10:57:15.749Z"}
info: Server started at localhost:3000/api/v1/ {"timestamp":"2024-08-06T10:57:25.829Z"}
info: Server started at localhost:3000/api/v1/ {"timestamp":"2024-08-06T10:57:35.722Z"}
info: Server started at localhost:3000/api/v1/ {"timestamp":"2024-08-06T10:57:36.757Z"}
info: Server started at localhost:3000/api/v1/ {"timestamp":"2024-08-06T10:57:43.128Z"}
info: Server started at localhost:3000/api/v1/ {"timestamp":"2024-08-06T10:57:46.838Z"}
info: Server started at localhost:3000/api/v1/ {"timestamp":"2024-08-06T10:57:50.115Z"}
info: Server started at localhost:3000/api/v1/ {"timestamp":"2024-08-06T10:57:56.044Z"}
info: Server started at localhost:3000/api/v1/ {"timestamp":"2024-08-06T10:58:02.446Z"}
info: Server started at localhost:3000/api/v1/ {"timestamp":"2024-08-06T10:58:07.872Z"}
info: Server started at localhost:3000/api/v1/ {"timestamp":"2024-08-06T10:58:19.021Z"}
info: Server started at localhost:3000/api/v1/ {"timestamp":"2024-08-06T10:58:33.125Z"}
info: Server started at localhost:3000/api/v1/ {"timestamp":"2024-08-06T10:59:17.580Z"}
info: Server started at localhost:3000/api/v1/ {"timestamp":"2024-08-06T10:59:44.058Z"}
info: Server started at localhost:3000/api/v1/ {"timestamp":"2024-08-06T10:59:48.804Z"}
info: Server started at localhost:3000/api/v1/ {"timestamp":"2024-08-06T11:01:06.008Z"}
info: Server started at localhost:3000/api/v1/ {"timestamp":"2024-08-06T11:01:38.350Z"}
info: Server started at localhost:3000/api/v1/ {"timestamp":"2024-08-06T11:03:33.239Z"}
info: Server started at localhost:3000/api/v1/ {"timestamp":"2024-08-06T11:06:31.067Z"}
info: Server started at localhost:3000/api/v1/ {"timestamp":"2024-08-06T11:06:35.168Z"}
info: Server started at localhost:3000/api/v1/ {"timestamp":"2024-08-06T11:07:20.813Z"}
info: Server started at localhost:3000/api/v1/ {"timestamp":"2024-08-06T11:07:23.735Z"}
info: Server started at localhost:3000/api/v1/ {"timestamp":"2024-08-06T11:08:53.882Z"}
info: Server started at localhost:3000/api/v1/ {"timestamp":"2024-08-06T11:08:58.344Z"}
info: Server started at localhost:3000/api/v1/ {"timestamp":"2024-08-06T11:09:35.436Z"}
info: Server started at localhost:3000/api/v1/ {"timestamp":"2024-08-06T11:09:38.396Z"}
info: Server started at localhost:3000/api/v1/ {"timestamp":"2024-08-06T11:09:41.435Z"}
info: Server started at localhost:3000/api/v1/ {"timestamp":"2024-08-06T11:09:43.734Z"}
info: Server started at localhost:3000/api/v1/ {"timestamp":"2024-08-06T11:09:53.259Z"}
info: Server started at localhost:3000/api/v1/ {"timestamp":"2024-08-06T11:09:54.905Z"}
info: Server started at localhost:3000/api/v1/ {"timestamp":"2024-08-06T11:09:56.061Z"}
info: Server started at localhost:3000/api/v1/ {"timestamp":"2024-08-06T11:10:00.216Z"}
info: Server started at localhost:3000/api/v1/ {"timestamp":"2024-08-06T11:14:51.558Z"}
info: Server started at localhost:3000/api/v1/ {"timestamp":"2024-08-06T11:15:02.091Z"}
info: Server started at localhost:3000/api/v1/ {"timestamp":"2024-08-06T11:15:12.644Z"}
info: Server started at localhost:3000/api/v1/ {"timestamp":"2024-08-06T11:15:16.262Z"}
info: Server started at localhost:3000/api/v1/ {"timestamp":"2024-08-06T11:15:19.550Z"}
info: Server started at localhost:3000/api/v1/ {"timestamp":"2024-08-06T11:15:23.501Z"}
info: Server started at localhost:3000/api/v1/ {"timestamp":"2024-08-06T11:15:29.055Z"}
info: Server started at localhost:3000/api/v1/ {"timestamp":"2024-08-06T11:20:33.885Z"}
info: Server started at localhost:3000/api/v1/ {"timestamp":"2024-08-06T11:21:50.790Z"}
info: Server started at localhost:3000/api/v1/ {"timestamp":"2024-08-06T11:21:55.319Z"}
info: Server started at localhost:3000/api/v1/ {"timestamp":"2024-08-06T11:22:07.266Z"}
info: Server started at localhost:3000/api/v1/ {"timestamp":"2024-08-06T11:22:17.583Z"}
info: Server started at localhost:3000/api/v1/ {"timestamp":"2024-08-06T11:23:24.323Z"}
info: Server started at localhost:3000/api/v1/ {"timestamp":"2024-08-06T11:23:31.958Z"}
info: Server started at localhost:3000/api/v1/ {"timestamp":"2024-08-06T11:23:40.041Z"}
info: Server started at localhost:3000/api/v1/ {"timestamp":"2024-08-06T11:24:28.532Z"}
info: Server started at localhost:3000/api/v1/ {"timestamp":"2024-08-06T11:26:39.483Z"}
info: Server started at localhost:3000/api/v1/ {"timestamp":"2024-08-06T11:27:19.468Z"}
info: Server started at localhost:3000/api/v1/ {"timestamp":"2024-08-06T11:27:54.973Z"}
info: Server started at localhost:3000/api/v1/ {"timestamp":"2024-08-06T11:31:46.740Z"}
info: Server started at localhost:3000/api/v1/ {"timestamp":"2024-08-06T11:31:56.725Z"}
info: Server started at localhost:3000/api/v1/ {"timestamp":"2024-08-06T11:31:58.105Z"}
info: Server started at localhost:3000/api/v1/ {"timestamp":"2024-08-06T11:32:35.236Z"}
info: Server started at localhost:3000/api/v1/ {"timestamp":"2024-08-06T11:32:52.934Z"}
info: Server started at localhost:3000/api/v1/ {"timestamp":"2024-08-06T11:33:01.613Z"}
info: Server started at localhost:3000/api/v1/ {"timestamp":"2024-08-06T11:33:07.648Z"}
info: Server started at localhost:3000/api/v1/ {"timestamp":"2024-08-06T11:34:41.521Z"}
error: 
      status - 400
      message - Authorization token is required 
      url - /api/v1/notes/archive/1 
      method - POST 
      IP - ::1
     {"timestamp":"2024-08-06T11:35:13.256Z"}
error: 
    status - 500 
    message - Error: Error archiving note with ID 1: No note found with ID 1
    at NotesServices.<anonymous> (C:\Users\Sakhare Sohan\Desktop\FundooNotes_Project\fundooNotes\src\services\notes.service.ts:79:13)
    at Generator.next (<anonymous>)
    at fulfilled (C:\Users\Sakhare Sohan\Desktop\FundooNotes_Project\fundooNotes\src\services\notes.service.ts:28:58)
    at processTicksAndRejections (node:internal/process/task_queues:96:5) 
    url - /api/v1/notes/archive/1 
    method - POST 
    IP - ::1
   {"timestamp":"2024-08-06T11:35:33.213Z"}
info: Server started at localhost:3000/api/v1/ {"timestamp":"2024-08-06T11:39:12.872Z"}
info: Server started at localhost:3000/api/v1/ {"timestamp":"2024-08-06T11:39:14.209Z"}
info: Server started at localhost:3000/api/v1/ {"timestamp":"2024-08-06T11:39:15.769Z"}
info: Server started at localhost:3000/api/v1/ {"timestamp":"2024-08-06T11:39:34.100Z"}
info: Server started at localhost:3000/api/v1/ {"timestamp":"2024-08-06T11:39:42.856Z"}
info: Server started at localhost:3000/api/v1/ {"timestamp":"2024-08-06T11:39:44.159Z"}
info: Server started at localhost:3000/api/v1/ {"timestamp":"2024-08-06T11:39:49.918Z"}
info: Server started at localhost:3000/api/v1/ {"timestamp":"2024-08-06T11:39:51.524Z"}
info: Server started at localhost:3000/api/v1/ {"timestamp":"2024-08-06T11:40:10.949Z"}
info: Server started at localhost:3000/api/v1/ {"timestamp":"2024-08-06T11:40:49.955Z"}
info: Server started at localhost:3000/api/v1/ {"timestamp":"2024-08-06T11:40:53.017Z"}
info: Server started at localhost:3000/api/v1/ {"timestamp":"2024-08-06T11:40:54.990Z"}
info: Server started at localhost:3000/api/v1/ {"timestamp":"2024-08-06T11:41:41.416Z"}
info: Server started at localhost:3000/api/v1/ {"timestamp":"2024-08-06T11:41:42.406Z"}
info: Server started at localhost:3000/api/v1/ {"timestamp":"2024-08-06T11:42:51.977Z"}
info: Server started at localhost:3000/api/v1/ {"timestamp":"2024-08-06T11:42:53.614Z"}
error: 
      status - 400
      message - Authorization token is required 
      url - /api/v1/notes/update/1 
      method - PUT 
      IP - ::1
     {"timestamp":"2024-08-06T11:43:25.313Z"}
error: 
    status - 500 
    message - Error: Error updating note with ID 1: No note found with ID 1 to update
    at NotesServices.<anonymous> (C:\Users\Sakhare Sohan\Desktop\FundooNotes_Project\fundooNotes\src\services\notes.service.ts:51:13)
    at Generator.next (<anonymous>)
    at fulfilled (C:\Users\Sakhare Sohan\Desktop\FundooNotes_Project\fundooNotes\src\services\notes.service.ts:28:58)
    at processTicksAndRejections (node:internal/process/task_queues:96:5) 
    url - /api/v1/notes/update/1 
    method - PUT 
    IP - ::1
   {"timestamp":"2024-08-06T11:43:39.194Z"}
info: Server started at localhost:3000/api/v1/ {"timestamp":"2024-08-06T12:18:49.291Z"}
