info: Server started at localhost:3000/api/v1/ {"timestamp":"2024-08-03T06:17:14.176Z"}
error: 
    status - 500 
    message - SyntaxError: Unexpected token } in JSON at position 120
    at JSON.parse (<anonymous>)
    at parse (C:\Users\Sakhare Sohan\Desktop\FundooNotes_Project\fundooNotes\node_modules\body-parser\lib\types\json.js:92:19)
    at C:\Users\Sakhare Sohan\Desktop\FundooNotes_Project\fundooNotes\node_modules\body-parser\lib\read.js:128:18
    at AsyncResource.runInAsyncScope (node:async_hooks:202:9)
    at invokeCallback (C:\Users\Sakhare Sohan\Desktop\FundooNotes_Project\fundooNotes\node_modules\raw-body\index.js:238:16)
    at done (C:\Users\Sakhare Sohan\Desktop\FundooNotes_Project\fundooNotes\node_modules\raw-body\index.js:227:7)
    at IncomingMessage.onEnd (C:\Users\Sakhare Sohan\Desktop\FundooNotes_Project\fundooNotes\node_modules\raw-body\index.js:287:7)
    at IncomingMessage.emit (node:events:539:35)
    at endReadableNT (node:internal/streams/readable:1345:12)
    at processTicksAndRejections (node:internal/process/task_queues:83:21) 
    url - /api/v1/notes/create 
    method - POST 
    IP - ::1
   {"timestamp":"2024-08-03T06:21:22.299Z"}
info: Server started at localhost:3000/api/v1/ {"timestamp":"2024-08-03T06:22:04.824Z"}
info: Server started at localhost:3000/api/v1/ {"timestamp":"2024-08-03T06:22:14.638Z"}
info: Server started at localhost:3000/api/v1/ {"timestamp":"2024-08-03T06:22:48.536Z"}
info: Server started at localhost:3000/api/v1/ {"timestamp":"2024-08-03T06:22:52.924Z"}
info: Server started at localhost:3000/api/v1/ {"timestamp":"2024-08-03T06:22:56.506Z"}
info: Server started at localhost:3000/api/v1/ {"timestamp":"2024-08-03T06:23:01.827Z"}
info: Server started at localhost:3000/api/v1/ {"timestamp":"2024-08-03T06:24:12.257Z"}
info: Server started at localhost:3000/api/v1/ {"timestamp":"2024-08-03T06:24:16.433Z"}
info: Server started at localhost:3000/api/v1/ {"timestamp":"2024-08-03T06:24:23.858Z"}
info: Server started at localhost:3000/api/v1/ {"timestamp":"2024-08-03T06:24:28.730Z"}
info: Server started at localhost:3000/api/v1/ {"timestamp":"2024-08-03T06:24:29.918Z"}
info: Server started at localhost:3000/api/v1/ {"timestamp":"2024-08-03T06:25:03.824Z"}
info: Server started at localhost:3000/api/v1/ {"timestamp":"2024-08-03T06:25:09.653Z"}
info: Server started at localhost:3000/api/v1/ {"timestamp":"2024-08-03T06:25:12.376Z"}
info: Server started at localhost:3000/api/v1/ {"timestamp":"2024-08-03T06:27:15.632Z"}
info: Server started at localhost:3000/api/v1/ {"timestamp":"2024-08-03T06:27:16.826Z"}
