info: Server started at http://localhost:3000/api/v1/ {"timestamp":"2024-07-25T07:42:30.316Z"}
info: Server started at http://localhost:3000/api/v1/ {"timestamp":"2024-07-25T07:45:23.215Z"}
info: Server started at http://localhost:3000/api/v1/ {"timestamp":"2024-07-25T07:45:30.088Z"}
info: Server started at http://localhost:3000/api/v1/ {"timestamp":"2024-07-25T07:45:51.124Z"}
error: uncaughtException: Cannot find module 'swagger-ui-express'
Require stack:
- C:\Users\admin\Desktop\fundoo_Notes\demo\fundoo_Notes\fundoo_Notes\src\index.ts
Error: Cannot find module 'swagger-ui-express'
Require stack:
- C:\Users\admin\Desktop\fundoo_Notes\demo\fundoo_Notes\fundoo_Notes\src\index.ts
    at Function.Module._resolveFilename (node:internal/modules/cjs/loader:1145:15)
    at Function.Module._load (node:internal/modules/cjs/loader:986:27)
    at Module.require (node:internal/modules/cjs/loader:1233:19)
    at require (node:internal/modules/helpers:179:18)
    at Object.<anonymous> (C:\Users\admin\Desktop\fundoo_Notes\demo\fundoo_Notes\fundoo_Notes\src\index.ts:17:19)
    at Module._compile (node:internal/modules/cjs/loader:1358:14)
    at Module._compile (C:\Users\admin\Desktop\fundoo_Notes\demo\fundoo_Notes\fundoo_Notes\node_modules\source-map-support\source-map-support.js:568:25)
    at Module.m._compile (C:\Users\admin\AppData\Local\Temp\ts-node-dev-hook-9177512943044395.js:69:33)
    at Module._extensions..js (node:internal/modules/cjs/loader:1416:10)
<<<<<<< HEAD
    at require.extensions..jsx.require.extensions..js (C:\Users\admin\AppData\Local\Temp\ts-node-dev-hook-9177512943044395.js:114:20) {"date":"Thu Aug 08 2024 11:46:56 GMT+0530 (India Standard Time)","error":{"code":"MODULE_NOT_FOUND","requireStack":["C:\\Users\\admin\\Desktop\\fundoo_Notes\\demo\\fundoo_Notes\\fundoo_Notes\\src\\index.ts"]},"exception":true,"os":{"loadavg":[0,0,0],"uptime":343161.484},"process":{"argv":["C:\\Program Files\\nodejs\\node.exe","./src/index.ts"],"cwd":"C:\\Users\\admin\\Desktop\\fundoo_Notes\\demo\\fundoo_Notes\\fundoo_Notes","execPath":"C:\\Program Files\\nodejs\\node.exe","gid":null,"memoryUsage":{"arrayBuffers":152528,"external":2290361,"heapTotal":55734272,"heapUsed":22380000,"rss":80715776},"pid":5524,"uid":null,"version":"v20.14.0"},"stack":"Error: Cannot find module 'swagger-ui-express'\nRequire stack:\n- C:\\Users\\admin\\Desktop\\fundoo_Notes\\demo\\fundoo_Notes\\fundoo_Notes\\src\\index.ts\n    at Function.Module._resolveFilename (node:internal/modules/cjs/loader:1145:15)\n    at Function.Module._load (node:internal/modules/cjs/loader:986:27)\n    at Module.require (node:internal/modules/cjs/loader:1233:19)\n    at require (node:internal/modules/helpers:179:18)\n    at Object.<anonymous> (C:\\Users\\admin\\Desktop\\fundoo_Notes\\demo\\fundoo_Notes\\fundoo_Notes\\src\\index.ts:17:19)\n    at Module._compile (node:internal/modules/cjs/loader:1358:14)\n    at Module._compile (C:\\Users\\admin\\Desktop\\fundoo_Notes\\demo\\fundoo_Notes\\fundoo_Notes\\node_modules\\source-map-support\\source-map-support.js:568:25)\n    at Module.m._compile (C:\\Users\\admin\\AppData\\Local\\Temp\\ts-node-dev-hook-9177512943044395.js:69:33)\n    at Module._extensions..js (node:internal/modules/cjs/loader:1416:10)\n    at require.extensions..jsx.require.extensions..js (C:\\Users\\admin\\AppData\\Local\\Temp\\ts-node-dev-hook-9177512943044395.js:114:20)","timestamp":"2024-08-08T06:16:56.733Z","trace":[{"column":15,"file":"node:internal/modules/cjs/loader","function":"Module._resolveFilename","line":1145,"method":"_resolveFilename","native":false},{"column":27,"file":"node:internal/modules/cjs/loader","function":"Module._load","line":986,"method":"_load","native":false},{"column":19,"file":"node:internal/modules/cjs/loader","function":"Module.require","line":1233,"method":"require","native":false},{"column":18,"file":"node:internal/modules/helpers","function":"require","line":179,"method":null,"native":false},{"column":19,"file":"C:\\Users\\admin\\Desktop\\fundoo_Notes\\demo\\fundoo_Notes\\fundoo_Notes\\src\\index.ts","function":null,"line":17,"method":null,"native":false},{"column":14,"file":"node:internal/modules/cjs/loader","function":"Module._compile","line":1358,"method":"_compile","native":false},{"column":25,"file":"C:\\Users\\admin\\Desktop\\fundoo_Notes\\demo\\fundoo_Notes\\fundoo_Notes\\node_modules\\source-map-support\\source-map-support.js","function":"Module._compile","line":568,"method":"_compile","native":false},{"column":33,"file":"C:\\Users\\admin\\AppData\\Local\\Temp\\ts-node-dev-hook-9177512943044395.js","function":"Module.m._compile","line":69,"method":"_compile","native":false},{"column":10,"file":"node:internal/modules/cjs/loader","function":"Module._extensions..js","line":1416,"method":".js","native":false},{"column":20,"file":"C:\\Users\\admin\\AppData\\Local\\Temp\\ts-node-dev-hook-9177512943044395.js","function":"require.extensions..jsx.require.extensions..js","line":114,"method":".js","native":false}]}
info: Server started at localhost:3000/api/v1/ {"timestamp":"2024-08-08T06:21:52.040Z"}
error: uncaughtException: schema "fundoonotes" does not exist
Error: 
    at Query.run (C:\Users\admin\Desktop\fundoo_Notes\demo\fundoo_Notes\fundoo_Notes\node_modules\sequelize\src\dialects\postgres\query.js:76:25)
    at C:\Users\admin\Desktop\fundoo_Notes\demo\fundoo_Notes\fundoo_Notes\node_modules\sequelize\src\sequelize.js:650:28
    at processTicksAndRejections (node:internal/process/task_queues:95:5)
    at PostgresQueryInterface.createTable (C:\Users\admin\Desktop\fundoo_Notes\demo\fundoo_Notes\fundoo_Notes\node_modules\sequelize\src\dialects\abstract\query-interface.js:229:12)
    at Function.sync (C:\Users\admin\Desktop\fundoo_Notes\demo\fundoo_Notes\fundoo_Notes\node_modules\sequelize\src\model.js:1353:7)
    at Sequelize.sync (C:\Users\admin\Desktop\fundoo_Notes\demo\fundoo_Notes\fundoo_Notes\node_modules\sequelize\src\sequelize.js:825:9) {"date":"Thu Aug 08 2024 11:51:52 GMT+0530 (India Standard Time)","error":{"name":"SequelizeDatabaseError","original":{"code":"3F000","file":"namespace.c","length":105,"line":"3095","name":"error","position":"28","routine":"get_namespace_oid","severity":"ERROR","sql":"CREATE TABLE IF NOT EXISTS \"fundoonotes\".\"users\" (\"id\"   SERIAL , \"firstName\" VARCHAR(255) NOT NULL, \"lastName\" VARCHAR(255) NOT NULL, \"email\" VARCHAR(255) NOT NULL UNIQUE, \"password\" VARCHAR(255) NOT NULL, \"mobileNo\" VARCHAR(255) NOT NULL UNIQUE, \"dob\" DATE, \"gender\" VARCHAR(255), PRIMARY KEY (\"id\"));"},"parameters":{},"parent":{"code":"3F000","file":"namespace.c","length":105,"line":"3095","name":"error","position":"28","routine":"get_namespace_oid","severity":"ERROR","sql":"CREATE TABLE IF NOT EXISTS \"fundoonotes\".\"users\" (\"id\"   SERIAL , \"firstName\" VARCHAR(255) NOT NULL, \"lastName\" VARCHAR(255) NOT NULL, \"email\" VARCHAR(255) NOT NULL UNIQUE, \"password\" VARCHAR(255) NOT NULL, \"mobileNo\" VARCHAR(255) NOT NULL UNIQUE, \"dob\" DATE, \"gender\" VARCHAR(255), PRIMARY KEY (\"id\"));"},"sql":"CREATE TABLE IF NOT EXISTS \"fundoonotes\".\"users\" (\"id\"   SERIAL , \"firstName\" VARCHAR(255) NOT NULL, \"lastName\" VARCHAR(255) NOT NULL, \"email\" VARCHAR(255) NOT NULL UNIQUE, \"password\" VARCHAR(255) NOT NULL, \"mobileNo\" VARCHAR(255) NOT NULL UNIQUE, \"dob\" DATE, \"gender\" VARCHAR(255), PRIMARY KEY (\"id\"));"},"exception":true,"os":{"loadavg":[0,0,0],"uptime":343457.171},"process":{"argv":["C:\\Program Files\\nodejs\\node.exe","./src/index.ts"],"cwd":"C:\\Users\\admin\\Desktop\\fundoo_Notes\\demo\\fundoo_Notes\\fundoo_Notes","execPath":"C:\\Program Files\\nodejs\\node.exe","gid":null,"memoryUsage":{"arrayBuffers":73553,"external":2376385,"heapTotal":56639488,"heapUsed":30501856,"rss":84664320},"pid":12004,"uid":null,"version":"v20.14.0"},"stack":"Error: \n    at Query.run (C:\\Users\\admin\\Desktop\\fundoo_Notes\\demo\\fundoo_Notes\\fundoo_Notes\\node_modules\\sequelize\\src\\dialects\\postgres\\query.js:76:25)\n    at C:\\Users\\admin\\Desktop\\fundoo_Notes\\demo\\fundoo_Notes\\fundoo_Notes\\node_modules\\sequelize\\src\\sequelize.js:650:28\n    at processTicksAndRejections (node:internal/process/task_queues:95:5)\n    at PostgresQueryInterface.createTable (C:\\Users\\admin\\Desktop\\fundoo_Notes\\demo\\fundoo_Notes\\fundoo_Notes\\node_modules\\sequelize\\src\\dialects\\abstract\\query-interface.js:229:12)\n    at Function.sync (C:\\Users\\admin\\Desktop\\fundoo_Notes\\demo\\fundoo_Notes\\fundoo_Notes\\node_modules\\sequelize\\src\\model.js:1353:7)\n    at Sequelize.sync (C:\\Users\\admin\\Desktop\\fundoo_Notes\\demo\\fundoo_Notes\\fundoo_Notes\\node_modules\\sequelize\\src\\sequelize.js:825:9)","timestamp":"2024-08-08T06:21:52.426Z","trace":[{"column":25,"file":"C:\\Users\\admin\\Desktop\\fundoo_Notes\\demo\\fundoo_Notes\\fundoo_Notes\\node_modules\\sequelize\\src\\dialects\\postgres\\query.js","function":"Query.run","line":76,"method":"run","native":false},{"column":28,"file":"C:\\Users\\admin\\Desktop\\fundoo_Notes\\demo\\fundoo_Notes\\fundoo_Notes\\node_modules\\sequelize\\src\\sequelize.js","function":null,"line":650,"method":null,"native":false},{"column":5,"file":"node:internal/process/task_queues","function":"processTicksAndRejections","line":95,"method":null,"native":false},{"column":12,"file":"C:\\Users\\admin\\Desktop\\fundoo_Notes\\demo\\fundoo_Notes\\fundoo_Notes\\node_modules\\sequelize\\src\\dialects\\abstract\\query-interface.js","function":"PostgresQueryInterface.createTable","line":229,"method":"createTable","native":false},{"column":7,"file":"C:\\Users\\admin\\Desktop\\fundoo_Notes\\demo\\fundoo_Notes\\fundoo_Notes\\node_modules\\sequelize\\src\\model.js","function":"Function.sync","line":1353,"method":"sync","native":false},{"column":9,"file":"C:\\Users\\admin\\Desktop\\fundoo_Notes\\demo\\fundoo_Notes\\fundoo_Notes\\node_modules\\sequelize\\src\\sequelize.js","function":"Sequelize.sync","line":825,"method":"sync","native":false}]}
info: Server started at localhost:3000/api/v1/ {"timestamp":"2024-08-08T06:22:47.471Z"}
error: uncaughtException: schema "fundoonotes" does not exist
Error: 
    at Query.run (C:\Users\admin\Desktop\fundoo_Notes\demo\fundoo_Notes\fundoo_Notes\node_modules\sequelize\src\dialects\postgres\query.js:76:25)
    at C:\Users\admin\Desktop\fundoo_Notes\demo\fundoo_Notes\fundoo_Notes\node_modules\sequelize\src\sequelize.js:650:28
    at processTicksAndRejections (node:internal/process/task_queues:95:5)
    at PostgresQueryInterface.createTable (C:\Users\admin\Desktop\fundoo_Notes\demo\fundoo_Notes\fundoo_Notes\node_modules\sequelize\src\dialects\abstract\query-interface.js:229:12)
    at Function.sync (C:\Users\admin\Desktop\fundoo_Notes\demo\fundoo_Notes\fundoo_Notes\node_modules\sequelize\src\model.js:1353:7)
    at Sequelize.sync (C:\Users\admin\Desktop\fundoo_Notes\demo\fundoo_Notes\fundoo_Notes\node_modules\sequelize\src\sequelize.js:825:9) {"date":"Thu Aug 08 2024 11:52:47 GMT+0530 (India Standard Time)","error":{"name":"SequelizeDatabaseError","original":{"code":"3F000","file":"namespace.c","length":105,"line":"3095","name":"error","position":"28","routine":"get_namespace_oid","severity":"ERROR","sql":"CREATE TABLE IF NOT EXISTS \"fundoonotes\".\"users\" (\"id\"   SERIAL , \"firstName\" VARCHAR(255) NOT NULL, \"lastName\" VARCHAR(255) NOT NULL, \"email\" VARCHAR(255) NOT NULL UNIQUE, \"password\" VARCHAR(255) NOT NULL, \"mobileNo\" VARCHAR(255) NOT NULL UNIQUE, \"dob\" DATE, \"gender\" VARCHAR(255), PRIMARY KEY (\"id\"));"},"parameters":{},"parent":{"code":"3F000","file":"namespace.c","length":105,"line":"3095","name":"error","position":"28","routine":"get_namespace_oid","severity":"ERROR","sql":"CREATE TABLE IF NOT EXISTS \"fundoonotes\".\"users\" (\"id\"   SERIAL , \"firstName\" VARCHAR(255) NOT NULL, \"lastName\" VARCHAR(255) NOT NULL, \"email\" VARCHAR(255) NOT NULL UNIQUE, \"password\" VARCHAR(255) NOT NULL, \"mobileNo\" VARCHAR(255) NOT NULL UNIQUE, \"dob\" DATE, \"gender\" VARCHAR(255), PRIMARY KEY (\"id\"));"},"sql":"CREATE TABLE IF NOT EXISTS \"fundoonotes\".\"users\" (\"id\"   SERIAL , \"firstName\" VARCHAR(255) NOT NULL, \"lastName\" VARCHAR(255) NOT NULL, \"email\" VARCHAR(255) NOT NULL UNIQUE, \"password\" VARCHAR(255) NOT NULL, \"mobileNo\" VARCHAR(255) NOT NULL UNIQUE, \"dob\" DATE, \"gender\" VARCHAR(255), PRIMARY KEY (\"id\"));"},"exception":true,"os":{"loadavg":[0,0,0],"uptime":343512.562},"process":{"argv":["C:\\Program Files\\nodejs\\node.exe","./src/index.ts"],"cwd":"C:\\Users\\admin\\Desktop\\fundoo_Notes\\demo\\fundoo_Notes\\fundoo_Notes","execPath":"C:\\Program Files\\nodejs\\node.exe","gid":null,"memoryUsage":{"arrayBuffers":73553,"external":2376385,"heapTotal":56901632,"heapUsed":30531968,"rss":84656128},"pid":15976,"uid":null,"version":"v20.14.0"},"stack":"Error: \n    at Query.run (C:\\Users\\admin\\Desktop\\fundoo_Notes\\demo\\fundoo_Notes\\fundoo_Notes\\node_modules\\sequelize\\src\\dialects\\postgres\\query.js:76:25)\n    at C:\\Users\\admin\\Desktop\\fundoo_Notes\\demo\\fundoo_Notes\\fundoo_Notes\\node_modules\\sequelize\\src\\sequelize.js:650:28\n    at processTicksAndRejections (node:internal/process/task_queues:95:5)\n    at PostgresQueryInterface.createTable (C:\\Users\\admin\\Desktop\\fundoo_Notes\\demo\\fundoo_Notes\\fundoo_Notes\\node_modules\\sequelize\\src\\dialects\\abstract\\query-interface.js:229:12)\n    at Function.sync (C:\\Users\\admin\\Desktop\\fundoo_Notes\\demo\\fundoo_Notes\\fundoo_Notes\\node_modules\\sequelize\\src\\model.js:1353:7)\n    at Sequelize.sync (C:\\Users\\admin\\Desktop\\fundoo_Notes\\demo\\fundoo_Notes\\fundoo_Notes\\node_modules\\sequelize\\src\\sequelize.js:825:9)","timestamp":"2024-08-08T06:22:47.817Z","trace":[{"column":25,"file":"C:\\Users\\admin\\Desktop\\fundoo_Notes\\demo\\fundoo_Notes\\fundoo_Notes\\node_modules\\sequelize\\src\\dialects\\postgres\\query.js","function":"Query.run","line":76,"method":"run","native":false},{"column":28,"file":"C:\\Users\\admin\\Desktop\\fundoo_Notes\\demo\\fundoo_Notes\\fundoo_Notes\\node_modules\\sequelize\\src\\sequelize.js","function":null,"line":650,"method":null,"native":false},{"column":5,"file":"node:internal/process/task_queues","function":"processTicksAndRejections","line":95,"method":null,"native":false},{"column":12,"file":"C:\\Users\\admin\\Desktop\\fundoo_Notes\\demo\\fundoo_Notes\\fundoo_Notes\\node_modules\\sequelize\\src\\dialects\\abstract\\query-interface.js","function":"PostgresQueryInterface.createTable","line":229,"method":"createTable","native":false},{"column":7,"file":"C:\\Users\\admin\\Desktop\\fundoo_Notes\\demo\\fundoo_Notes\\fundoo_Notes\\node_modules\\sequelize\\src\\model.js","function":"Function.sync","line":1353,"method":"sync","native":false},{"column":9,"file":"C:\\Users\\admin\\Desktop\\fundoo_Notes\\demo\\fundoo_Notes\\fundoo_Notes\\node_modules\\sequelize\\src\\sequelize.js","function":"Sequelize.sync","line":825,"method":"sync","native":false}]}
info: Server started at localhost:3000/api/v1/ {"timestamp":"2024-08-08T06:24:14.808Z"}
info: Server started at localhost:3000/api/v1/ {"timestamp":"2024-08-08T06:26:28.456Z"}
error: 
    status - 500 
    message - ValidationError: "password" length must be at least 8 characters long 
    url - /api/v1/users/signup/ 
    method - POST 
    IP - ::1
   {"timestamp":"2024-08-08T06:29:01.542Z"}
info: Server started at localhost:3000/api/v1/ {"timestamp":"2024-08-08T06:38:12.857Z"}
=======
    at require.extensions..jsx.require.extensions..js (C:\Users\admin\AppData\Local\Temp\ts-node-dev-hook-10520307553664421.js:114:20) {"date":"Thu Jul 25 2024 13:42:57 GMT+0530 (India Standard Time)","error":{},"exception":true,"os":{"loadavg":[0,0,0],"uptime":742039.937},"process":{"argv":["C:\\Program Files\\nodejs\\node.exe","./src/index.ts"],"cwd":"C:\\Users\\admin\\Desktop\\fundoo_Notes\\fundoo_Notes\\fundoo_Notes","execPath":"C:\\Program Files\\nodejs\\node.exe","gid":null,"memoryUsage":{"arrayBuffers":110427,"external":2240800,"heapTotal":35024896,"heapUsed":17057584,"rss":64512000},"pid":23204,"uid":null,"version":"v20.14.0"},"stack":"Error: Please install pg package manually\n    at ConnectionManager._loadDialectModule (C:\\Users\\admin\\Desktop\\fundoo_Notes\\fundoo_Notes\\fundoo_Notes\\node_modules\\sequelize\\src\\dialects\\abstract\\connection-manager.js:81:15)\n    at new ConnectionManager (C:\\Users\\admin\\Desktop\\fundoo_Notes\\fundoo_Notes\\fundoo_Notes\\node_modules\\sequelize\\src\\dialects\\postgres\\connection-manager.js:18:24)\n    at new PostgresDialect (C:\\Users\\admin\\Desktop\\fundoo_Notes\\fundoo_Notes\\fundoo_Notes\\node_modules\\sequelize\\src\\dialects\\postgres\\index.js:15:30)\n    at new Sequelize (C:\\Users\\admin\\Desktop\\fundoo_Notes\\fundoo_Notes\\fundoo_Notes\\node_modules\\sequelize\\src\\sequelize.js:368:20)\n    at Object.<anonymous> (C:\\Users\\admin\\Desktop\\fundoo_Notes\\fundoo_Notes\\fundoo_Notes\\src\\config\\database.ts:26:19)\n    at Module._compile (node:internal/modules/cjs/loader:1358:14)\n    at Module._compile (C:\\Users\\admin\\Desktop\\fundoo_Notes\\fundoo_Notes\\fundoo_Notes\\node_modules\\source-map-support\\source-map-support.js:568:25)\n    at Module.m._compile (C:\\Users\\admin\\AppData\\Local\\Temp\\ts-node-dev-hook-10520307553664421.js:69:33)\n    at Module._extensions..js (node:internal/modules/cjs/loader:1416:10)\n    at require.extensions..jsx.require.extensions..js (C:\\Users\\admin\\AppData\\Local\\Temp\\ts-node-dev-hook-10520307553664421.js:114:20)","timestamp":"2024-07-25T08:12:57.048Z","trace":[{"column":15,"file":"C:\\Users\\admin\\Desktop\\fundoo_Notes\\fundoo_Notes\\fundoo_Notes\\node_modules\\sequelize\\src\\dialects\\abstract\\connection-manager.js","function":"ConnectionManager._loadDialectModule","line":81,"method":"_loadDialectModule","native":false},{"column":24,"file":"C:\\Users\\admin\\Desktop\\fundoo_Notes\\fundoo_Notes\\fundoo_Notes\\node_modules\\sequelize\\src\\dialects\\postgres\\connection-manager.js","function":"new ConnectionManager","line":18,"method":null,"native":false},{"column":30,"file":"C:\\Users\\admin\\Desktop\\fundoo_Notes\\fundoo_Notes\\fundoo_Notes\\node_modules\\sequelize\\src\\dialects\\postgres\\index.js","function":"new PostgresDialect","line":15,"method":null,"native":false},{"column":20,"file":"C:\\Users\\admin\\Desktop\\fundoo_Notes\\fundoo_Notes\\fundoo_Notes\\node_modules\\sequelize\\src\\sequelize.js","function":"new Sequelize","line":368,"method":null,"native":false},{"column":19,"file":"C:\\Users\\admin\\Desktop\\fundoo_Notes\\fundoo_Notes\\fundoo_Notes\\src\\config\\database.ts","function":null,"line":26,"method":null,"native":false},{"column":14,"file":"node:internal/modules/cjs/loader","function":"Module._compile","line":1358,"method":"_compile","native":false},{"column":25,"file":"C:\\Users\\admin\\Desktop\\fundoo_Notes\\fundoo_Notes\\fundoo_Notes\\node_modules\\source-map-support\\source-map-support.js","function":"Module._compile","line":568,"method":"_compile","native":false},{"column":33,"file":"C:\\Users\\admin\\AppData\\Local\\Temp\\ts-node-dev-hook-10520307553664421.js","function":"Module.m._compile","line":69,"method":"_compile","native":false},{"column":10,"file":"node:internal/modules/cjs/loader","function":"Module._extensions..js","line":1416,"method":".js","native":false},{"column":20,"file":"C:\\Users\\admin\\AppData\\Local\\Temp\\ts-node-dev-hook-10520307553664421.js","function":"require.extensions..jsx.require.extensions..js","line":114,"method":".js","native":false}]}
error: uncaughtException: Please install pg package manually
Error: Please install pg package manually
    at ConnectionManager._loadDialectModule (C:\Users\admin\Desktop\fundoo_Notes\fundoo_Notes\fundoo_Notes\node_modules\sequelize\src\dialects\abstract\connection-manager.js:81:15)
    at new ConnectionManager (C:\Users\admin\Desktop\fundoo_Notes\fundoo_Notes\fundoo_Notes\node_modules\sequelize\src\dialects\postgres\connection-manager.js:18:24)
    at new PostgresDialect (C:\Users\admin\Desktop\fundoo_Notes\fundoo_Notes\fundoo_Notes\node_modules\sequelize\src\dialects\postgres\index.js:15:30)
    at new Sequelize (C:\Users\admin\Desktop\fundoo_Notes\fundoo_Notes\fundoo_Notes\node_modules\sequelize\src\sequelize.js:368:20)
    at Object.<anonymous> (C:\Users\admin\Desktop\fundoo_Notes\fundoo_Notes\fundoo_Notes\src\config\database.ts:26:19)
    at Module._compile (node:internal/modules/cjs/loader:1358:14)
    at Module._compile (C:\Users\admin\Desktop\fundoo_Notes\fundoo_Notes\fundoo_Notes\node_modules\source-map-support\source-map-support.js:568:25)
    at Module.m._compile (C:\Users\admin\AppData\Local\Temp\ts-node-dev-hook-10520307553664421.js:69:33)
    at Module._extensions..js (node:internal/modules/cjs/loader:1416:10)
    at require.extensions..jsx.require.extensions..js (C:\Users\admin\AppData\Local\Temp\ts-node-dev-hook-10520307553664421.js:114:20) {"date":"Thu Jul 25 2024 13:43:01 GMT+0530 (India Standard Time)","error":{},"exception":true,"os":{"loadavg":[0,0,0],"uptime":742044.75},"process":{"argv":["C:\\Program Files\\nodejs\\node.exe","./src/index.ts"],"cwd":"C:\\Users\\admin\\Desktop\\fundoo_Notes\\fundoo_Notes\\fundoo_Notes","execPath":"C:\\Program Files\\nodejs\\node.exe","gid":null,"memoryUsage":{"arrayBuffers":110427,"external":2240800,"heapTotal":35024896,"heapUsed":17186328,"rss":64929792},"pid":7164,"uid":null,"version":"v20.14.0"},"stack":"Error: Please install pg package manually\n    at ConnectionManager._loadDialectModule (C:\\Users\\admin\\Desktop\\fundoo_Notes\\fundoo_Notes\\fundoo_Notes\\node_modules\\sequelize\\src\\dialects\\abstract\\connection-manager.js:81:15)\n    at new ConnectionManager (C:\\Users\\admin\\Desktop\\fundoo_Notes\\fundoo_Notes\\fundoo_Notes\\node_modules\\sequelize\\src\\dialects\\postgres\\connection-manager.js:18:24)\n    at new PostgresDialect (C:\\Users\\admin\\Desktop\\fundoo_Notes\\fundoo_Notes\\fundoo_Notes\\node_modules\\sequelize\\src\\dialects\\postgres\\index.js:15:30)\n    at new Sequelize (C:\\Users\\admin\\Desktop\\fundoo_Notes\\fundoo_Notes\\fundoo_Notes\\node_modules\\sequelize\\src\\sequelize.js:368:20)\n    at Object.<anonymous> (C:\\Users\\admin\\Desktop\\fundoo_Notes\\fundoo_Notes\\fundoo_Notes\\src\\config\\database.ts:26:19)\n    at Module._compile (node:internal/modules/cjs/loader:1358:14)\n    at Module._compile (C:\\Users\\admin\\Desktop\\fundoo_Notes\\fundoo_Notes\\fundoo_Notes\\node_modules\\source-map-support\\source-map-support.js:568:25)\n    at Module.m._compile (C:\\Users\\admin\\AppData\\Local\\Temp\\ts-node-dev-hook-10520307553664421.js:69:33)\n    at Module._extensions..js (node:internal/modules/cjs/loader:1416:10)\n    at require.extensions..jsx.require.extensions..js (C:\\Users\\admin\\AppData\\Local\\Temp\\ts-node-dev-hook-10520307553664421.js:114:20)","timestamp":"2024-07-25T08:13:01.860Z","trace":[{"column":15,"file":"C:\\Users\\admin\\Desktop\\fundoo_Notes\\fundoo_Notes\\fundoo_Notes\\node_modules\\sequelize\\src\\dialects\\abstract\\connection-manager.js","function":"ConnectionManager._loadDialectModule","line":81,"method":"_loadDialectModule","native":false},{"column":24,"file":"C:\\Users\\admin\\Desktop\\fundoo_Notes\\fundoo_Notes\\fundoo_Notes\\node_modules\\sequelize\\src\\dialects\\postgres\\connection-manager.js","function":"new ConnectionManager","line":18,"method":null,"native":false},{"column":30,"file":"C:\\Users\\admin\\Desktop\\fundoo_Notes\\fundoo_Notes\\fundoo_Notes\\node_modules\\sequelize\\src\\dialects\\postgres\\index.js","function":"new PostgresDialect","line":15,"method":null,"native":false},{"column":20,"file":"C:\\Users\\admin\\Desktop\\fundoo_Notes\\fundoo_Notes\\fundoo_Notes\\node_modules\\sequelize\\src\\sequelize.js","function":"new Sequelize","line":368,"method":null,"native":false},{"column":19,"file":"C:\\Users\\admin\\Desktop\\fundoo_Notes\\fundoo_Notes\\fundoo_Notes\\src\\config\\database.ts","function":null,"line":26,"method":null,"native":false},{"column":14,"file":"node:internal/modules/cjs/loader","function":"Module._compile","line":1358,"method":"_compile","native":false},{"column":25,"file":"C:\\Users\\admin\\Desktop\\fundoo_Notes\\fundoo_Notes\\fundoo_Notes\\node_modules\\source-map-support\\source-map-support.js","function":"Module._compile","line":568,"method":"_compile","native":false},{"column":33,"file":"C:\\Users\\admin\\AppData\\Local\\Temp\\ts-node-dev-hook-10520307553664421.js","function":"Module.m._compile","line":69,"method":"_compile","native":false},{"column":10,"file":"node:internal/modules/cjs/loader","function":"Module._extensions..js","line":1416,"method":".js","native":false},{"column":20,"file":"C:\\Users\\admin\\AppData\\Local\\Temp\\ts-node-dev-hook-10520307553664421.js","function":"require.extensions..jsx.require.extensions..js","line":114,"method":".js","native":false}]}
error: uncaughtException: Please install pg package manually
Error: Please install pg package manually
    at ConnectionManager._loadDialectModule (C:\Users\admin\Desktop\fundoo_Notes\fundoo_Notes\fundoo_Notes\node_modules\sequelize\src\dialects\abstract\connection-manager.js:81:15)
    at new ConnectionManager (C:\Users\admin\Desktop\fundoo_Notes\fundoo_Notes\fundoo_Notes\node_modules\sequelize\src\dialects\postgres\connection-manager.js:18:24)
    at new PostgresDialect (C:\Users\admin\Desktop\fundoo_Notes\fundoo_Notes\fundoo_Notes\node_modules\sequelize\src\dialects\postgres\index.js:15:30)
    at new Sequelize (C:\Users\admin\Desktop\fundoo_Notes\fundoo_Notes\fundoo_Notes\node_modules\sequelize\src\sequelize.js:368:20)
    at Object.<anonymous> (C:\Users\admin\Desktop\fundoo_Notes\fundoo_Notes\fundoo_Notes\src\config\database.ts:26:19)
    at Module._compile (node:internal/modules/cjs/loader:1358:14)
    at Module._compile (C:\Users\admin\Desktop\fundoo_Notes\fundoo_Notes\fundoo_Notes\node_modules\source-map-support\source-map-support.js:568:25)
    at Module.m._compile (C:\Users\admin\AppData\Local\Temp\ts-node-dev-hook-9688702208916182.js:69:33)
    at Module._extensions..js (node:internal/modules/cjs/loader:1416:10)
    at require.extensions..jsx.require.extensions..js (C:\Users\admin\AppData\Local\Temp\ts-node-dev-hook-9688702208916182.js:114:20) {"date":"Thu Jul 25 2024 13:43:15 GMT+0530 (India Standard Time)","error":{},"exception":true,"os":{"loadavg":[0,0,0],"uptime":742058.515},"process":{"argv":["C:\\Program Files\\nodejs\\node.exe","./src/index.ts"],"cwd":"C:\\Users\\admin\\Desktop\\fundoo_Notes\\fundoo_Notes\\fundoo_Notes","execPath":"C:\\Program Files\\nodejs\\node.exe","gid":null,"memoryUsage":{"arrayBuffers":110427,"external":2240800,"heapTotal":33452032,"heapUsed":22038264,"rss":63471616},"pid":21672,"uid":null,"version":"v20.14.0"},"stack":"Error: Please install pg package manually\n    at ConnectionManager._loadDialectModule (C:\\Users\\admin\\Desktop\\fundoo_Notes\\fundoo_Notes\\fundoo_Notes\\node_modules\\sequelize\\src\\dialects\\abstract\\connection-manager.js:81:15)\n    at new ConnectionManager (C:\\Users\\admin\\Desktop\\fundoo_Notes\\fundoo_Notes\\fundoo_Notes\\node_modules\\sequelize\\src\\dialects\\postgres\\connection-manager.js:18:24)\n    at new PostgresDialect (C:\\Users\\admin\\Desktop\\fundoo_Notes\\fundoo_Notes\\fundoo_Notes\\node_modules\\sequelize\\src\\dialects\\postgres\\index.js:15:30)\n    at new Sequelize (C:\\Users\\admin\\Desktop\\fundoo_Notes\\fundoo_Notes\\fundoo_Notes\\node_modules\\sequelize\\src\\sequelize.js:368:20)\n    at Object.<anonymous> (C:\\Users\\admin\\Desktop\\fundoo_Notes\\fundoo_Notes\\fundoo_Notes\\src\\config\\database.ts:26:19)\n    at Module._compile (node:internal/modules/cjs/loader:1358:14)\n    at Module._compile (C:\\Users\\admin\\Desktop\\fundoo_Notes\\fundoo_Notes\\fundoo_Notes\\node_modules\\source-map-support\\source-map-support.js:568:25)\n    at Module.m._compile (C:\\Users\\admin\\AppData\\Local\\Temp\\ts-node-dev-hook-9688702208916182.js:69:33)\n    at Module._extensions..js (node:internal/modules/cjs/loader:1416:10)\n    at require.extensions..jsx.require.extensions..js (C:\\Users\\admin\\AppData\\Local\\Temp\\ts-node-dev-hook-9688702208916182.js:114:20)","timestamp":"2024-07-25T08:13:15.624Z","trace":[{"column":15,"file":"C:\\Users\\admin\\Desktop\\fundoo_Notes\\fundoo_Notes\\fundoo_Notes\\node_modules\\sequelize\\src\\dialects\\abstract\\connection-manager.js","function":"ConnectionManager._loadDialectModule","line":81,"method":"_loadDialectModule","native":false},{"column":24,"file":"C:\\Users\\admin\\Desktop\\fundoo_Notes\\fundoo_Notes\\fundoo_Notes\\node_modules\\sequelize\\src\\dialects\\postgres\\connection-manager.js","function":"new ConnectionManager","line":18,"method":null,"native":false},{"column":30,"file":"C:\\Users\\admin\\Desktop\\fundoo_Notes\\fundoo_Notes\\fundoo_Notes\\node_modules\\sequelize\\src\\dialects\\postgres\\index.js","function":"new PostgresDialect","line":15,"method":null,"native":false},{"column":20,"file":"C:\\Users\\admin\\Desktop\\fundoo_Notes\\fundoo_Notes\\fundoo_Notes\\node_modules\\sequelize\\src\\sequelize.js","function":"new Sequelize","line":368,"method":null,"native":false},{"column":19,"file":"C:\\Users\\admin\\Desktop\\fundoo_Notes\\fundoo_Notes\\fundoo_Notes\\src\\config\\database.ts","function":null,"line":26,"method":null,"native":false},{"column":14,"file":"node:internal/modules/cjs/loader","function":"Module._compile","line":1358,"method":"_compile","native":false},{"column":25,"file":"C:\\Users\\admin\\Desktop\\fundoo_Notes\\fundoo_Notes\\fundoo_Notes\\node_modules\\source-map-support\\source-map-support.js","function":"Module._compile","line":568,"method":"_compile","native":false},{"column":33,"file":"C:\\Users\\admin\\AppData\\Local\\Temp\\ts-node-dev-hook-9688702208916182.js","function":"Module.m._compile","line":69,"method":"_compile","native":false},{"column":10,"file":"node:internal/modules/cjs/loader","function":"Module._extensions..js","line":1416,"method":".js","native":false},{"column":20,"file":"C:\\Users\\admin\\AppData\\Local\\Temp\\ts-node-dev-hook-9688702208916182.js","function":"require.extensions..jsx.require.extensions..js","line":114,"method":".js","native":false}]}
info: Server started at http://localhost:3400/api/v1/ {"timestamp":"2024-07-25T08:14:03.461Z"}
info: Connected to the database. {"timestamp":"2024-07-25T08:14:03.755Z"}
info: Server started at http://localhost:3400/api/v1/ {"timestamp":"2024-07-26T04:55:24.215Z"}
info: Connected to the database. {"timestamp":"2024-07-26T04:55:24.497Z"}
error: 
    status - 500 
    message - ValidationError: "name" is required 
    url - /api/v1/users/ 
    method - POST 
    IP - ::1
   {"timestamp":"2024-07-26T05:06:12.949Z"}
error: 
    status - 500 
    message - ValidationError: "name" is required 
    url - /api/v1/users 
    method - POST 
    IP - ::1
   {"timestamp":"2024-07-26T05:07:47.420Z"}
error: 
    status - 500 
    message - ValidationError: "name" is required 
    url - /api/v1/users 
    method - POST 
    IP - ::1
   {"timestamp":"2024-07-26T05:09:01.098Z"}
error: 
    status - 500 
    message - ValidationError: "name" is required 
    url - /api/v1/users 
    method - POST 
    IP - ::1
   {"timestamp":"2024-07-26T05:21:53.727Z"}
error: 
    status - 500 
    message - ValidationError: "name" is required 
    url - /api/v1/users 
    method - POST 
    IP - ::1
   {"timestamp":"2024-07-26T05:23:10.714Z"}
info: Server started at http://localhost:3400/api/v1/ {"timestamp":"2024-07-26T05:29:21.771Z"}
info: Connected to the database. {"timestamp":"2024-07-26T05:29:22.035Z"}
info: Server started at http://localhost:3400/api/v1/ {"timestamp":"2024-07-26T05:30:46.470Z"}
info: Server started at http://localhost:3400/api/v1/ {"timestamp":"2024-07-26T05:30:49.007Z"}
info: Connected to the database. {"timestamp":"2024-07-26T05:30:49.273Z"}
info: Server started at http://localhost:3400/api/v1/ {"timestamp":"2024-07-26T05:34:22.038Z"}
info: Connected to the database. {"timestamp":"2024-07-26T05:34:22.351Z"}
info: Server started at http://localhost:3400/api/v1/ {"timestamp":"2024-07-26T05:42:53.883Z"}
info: Connected to the database. {"timestamp":"2024-07-26T05:42:54.120Z"}
error: 
    status - 500 
    message - ValidationError: "name" is required 
    url - /api/v1/users 
    method - POST 
    IP - ::1
   {"timestamp":"2024-07-26T05:52:52.006Z"}
error: 
    status - 500 
    message - ValidationError: "name" is required 
    url - /api/v1/users 
    method - POST 
    IP - ::1
   {"timestamp":"2024-07-26T05:53:06.831Z"}
error: 
    status - 500 
    message - ValidationError: "name" is required 
    url - /api/v1/users 
    method - POST 
    IP - ::1
   {"timestamp":"2024-07-26T05:54:31.641Z"}
error: 
    status - 500 
    message - ValidationError: "name" is required 
    url - /api/v1/users 
    method - POST 
    IP - ::1
   {"timestamp":"2024-07-26T05:55:23.723Z"}
info: Server started at http://localhost:3400/api/v1/ {"timestamp":"2024-07-26T05:55:39.165Z"}
info: Connected to the database. {"timestamp":"2024-07-26T05:55:39.407Z"}
info: Server started at http://localhost:3400/api/v1/ {"timestamp":"2024-07-26T05:55:55.677Z"}
info: Connected to the database. {"timestamp":"2024-07-26T05:55:56.162Z"}
info: Server started at http://localhost:3400/api/v1/ {"timestamp":"2024-07-26T05:56:02.460Z"}
info: Connected to the database. {"timestamp":"2024-07-26T05:56:02.887Z"}
info: Server started at http://localhost:3400/api/v1/ {"timestamp":"2024-07-26T05:56:17.729Z"}
info: Connected to the database. {"timestamp":"2024-07-26T05:56:17.963Z"}
error: 
    status - 500 
    message - ValidationError: "name" is required 
    url - /api/v1/users 
    method - POST 
    IP - ::1
   {"timestamp":"2024-07-26T05:56:27.916Z"}
error: 
    status - 500 
    message - ValidationError: "name" is required 
    url - /api/v1/users 
    method - POST 
    IP - ::1
   {"timestamp":"2024-07-26T06:04:27.488Z"}
error: 
    status - 500 
    message - ValidationError: "name" is required 
    url - /api/v1/users 
    method - POST 
    IP - ::1
   {"timestamp":"2024-07-26T06:05:03.579Z"}
error: uncaughtException: Cannot read properties of undefined (reading 'newUser')
TypeError: Cannot read properties of undefined (reading 'newUser')
    at UserRoutes.routes (C:\Users\admin\Desktop\fundoo_Notes\satya\demo_study\src\routes\user.route.ts:23:26)
    at new UserRoutes (C:\Users\admin\Desktop\fundoo_Notes\satya\demo_study\src\routes\user.route.ts:12:10)
    at routes (C:\Users\admin\Desktop\fundoo_Notes\satya\demo_study\src\routes\index.ts:15:24)
    at App.initializeRoutes (C:\Users\admin\Desktop\fundoo_Notes\satya\demo_study\src\index.ts:45:52)
    at new App (C:\Users\admin\Desktop\fundoo_Notes\satya\demo_study\src\index.ts:31:10)
    at Object.<anonymous> (C:\Users\admin\Desktop\fundoo_Notes\satya\demo_study\src\index.ts:67:13)
    at Module._compile (node:internal/modules/cjs/loader:1358:14)
    at Module._compile (C:\Users\admin\Desktop\fundoo_Notes\satya\demo_study\node_modules\source-map-support\source-map-support.js:568:25)
    at Module.m._compile (C:\Users\admin\AppData\Local\Temp\ts-node-dev-hook-5466350630367209.js:69:33)
    at Module._extensions..js (node:internal/modules/cjs/loader:1416:10) {"date":"Fri Jul 26 2024 11:37:54 GMT+0530 (India Standard Time)","error":{},"exception":true,"os":{"loadavg":[0,0,0],"uptime":820937.734},"process":{"argv":["C:\\Program Files\\nodejs\\node.exe","./src/index.ts"],"cwd":"C:\\Users\\admin\\Desktop\\fundoo_Notes\\satya\\demo_study","execPath":"C:\\Program Files\\nodejs\\node.exe","gid":null,"memoryUsage":{"arrayBuffers":123651,"external":2293698,"heapTotal":35024896,"heapUsed":19892328,"rss":63156224},"pid":12032,"uid":null,"version":"v20.14.0"},"stack":"TypeError: Cannot read properties of undefined (reading 'newUser')\n    at UserRoutes.routes (C:\\Users\\admin\\Desktop\\fundoo_Notes\\satya\\demo_study\\src\\routes\\user.route.ts:23:26)\n    at new UserRoutes (C:\\Users\\admin\\Desktop\\fundoo_Notes\\satya\\demo_study\\src\\routes\\user.route.ts:12:10)\n    at routes (C:\\Users\\admin\\Desktop\\fundoo_Notes\\satya\\demo_study\\src\\routes\\index.ts:15:24)\n    at App.initializeRoutes (C:\\Users\\admin\\Desktop\\fundoo_Notes\\satya\\demo_study\\src\\index.ts:45:52)\n    at new App (C:\\Users\\admin\\Desktop\\fundoo_Notes\\satya\\demo_study\\src\\index.ts:31:10)\n    at Object.<anonymous> (C:\\Users\\admin\\Desktop\\fundoo_Notes\\satya\\demo_study\\src\\index.ts:67:13)\n    at Module._compile (node:internal/modules/cjs/loader:1358:14)\n    at Module._compile (C:\\Users\\admin\\Desktop\\fundoo_Notes\\satya\\demo_study\\node_modules\\source-map-support\\source-map-support.js:568:25)\n    at Module.m._compile (C:\\Users\\admin\\AppData\\Local\\Temp\\ts-node-dev-hook-5466350630367209.js:69:33)\n    at Module._extensions..js (node:internal/modules/cjs/loader:1416:10)","timestamp":"2024-07-26T06:07:54.846Z","trace":[{"column":26,"file":"C:\\Users\\admin\\Desktop\\fundoo_Notes\\satya\\demo_study\\src\\routes\\user.route.ts","function":"UserRoutes.routes","line":23,"method":"routes","native":false},{"column":10,"file":"C:\\Users\\admin\\Desktop\\fundoo_Notes\\satya\\demo_study\\src\\routes\\user.route.ts","function":"new UserRoutes","line":12,"method":null,"native":false},{"column":24,"file":"C:\\Users\\admin\\Desktop\\fundoo_Notes\\satya\\demo_study\\src\\routes\\index.ts","function":"routes","line":15,"method":null,"native":false},{"column":52,"file":"C:\\Users\\admin\\Desktop\\fundoo_Notes\\satya\\demo_study\\src\\index.ts","function":"App.initializeRoutes","line":45,"method":"initializeRoutes","native":false},{"column":10,"file":"C:\\Users\\admin\\Desktop\\fundoo_Notes\\satya\\demo_study\\src\\index.ts","function":"new App","line":31,"method":null,"native":false},{"column":13,"file":"C:\\Users\\admin\\Desktop\\fundoo_Notes\\satya\\demo_study\\src\\index.ts","function":null,"line":67,"method":null,"native":false},{"column":14,"file":"node:internal/modules/cjs/loader","function":"Module._compile","line":1358,"method":"_compile","native":false},{"column":25,"file":"C:\\Users\\admin\\Desktop\\fundoo_Notes\\satya\\demo_study\\node_modules\\source-map-support\\source-map-support.js","function":"Module._compile","line":568,"method":"_compile","native":false},{"column":33,"file":"C:\\Users\\admin\\AppData\\Local\\Temp\\ts-node-dev-hook-5466350630367209.js","function":"Module.m._compile","line":69,"method":"_compile","native":false},{"column":10,"file":"node:internal/modules/cjs/loader","function":"Module._extensions..js","line":1416,"method":".js","native":false}]}
info: Server started at http://localhost:3400/api/v1/ {"timestamp":"2024-07-26T06:08:35.437Z"}
info: Connected to the database. {"timestamp":"2024-07-26T06:08:35.699Z"}
info: Server started at http://localhost:3400/api/v1/ {"timestamp":"2024-07-26T06:08:55.682Z"}
info: Connected to the database. {"timestamp":"2024-07-26T06:08:55.960Z"}
error: 
      status - 400
      message - Authorization token is required 
      url - /api/v1/users/1 
      method - GET 
      IP - ::1
     {"timestamp":"2024-07-26T06:12:27.733Z"}
error: 
      status - 400
      message - Authorization token is required 
      url - /api/v1/users/2 
      method - GET 
      IP - ::1
     {"timestamp":"2024-07-26T06:12:45.960Z"}
info: Server started at http://localhost:3400/api/v1/ {"timestamp":"2024-07-26T06:13:41.717Z"}
info: Connected to the database. {"timestamp":"2024-07-26T06:13:41.974Z"}
info: Server started at http://localhost:3400/api/v1/ {"timestamp":"2024-07-26T06:15:24.249Z"}
info: Connected to the database. {"timestamp":"2024-07-26T06:15:24.506Z"}
info: Server started at http://localhost:3400/api/v1/ {"timestamp":"2024-07-26T07:04:15.279Z"}
info: Connected to the database. {"timestamp":"2024-07-26T07:04:15.531Z"}
info: Server started at http://localhost:3400/api/v1/ {"timestamp":"2024-07-26T08:10:38.858Z"}
info: Server started at http://localhost:3400/api/v1/ {"timestamp":"2024-07-26T08:10:41.068Z"}
info: Connected to the database. {"timestamp":"2024-07-26T08:10:41.307Z"}
info: Server started at http://localhost:3400/api/v1/ {"timestamp":"2024-07-26T08:26:40.561Z"}
info: Connected to the database. {"timestamp":"2024-07-26T08:26:40.857Z"}
info: Server started at http://localhost:3400/api/v1/ {"timestamp":"2024-07-26T08:30:24.020Z"}
info: Connected to the database. {"timestamp":"2024-07-26T08:30:24.274Z"}
info: Server started at http://localhost:3400/api/v1/ {"timestamp":"2024-07-26T08:45:36.327Z"}
info: Connected to the database. {"timestamp":"2024-07-26T08:45:36.877Z"}
info: Server started at http://localhost:3400/api/v1/ {"timestamp":"2024-07-26T08:57:43.668Z"}
info: Connected to the database. {"timestamp":"2024-07-26T08:57:44.051Z"}
info: Server started at http://localhost:3400/api/v1/ {"timestamp":"2024-07-26T09:05:15.170Z"}
info: Connected to the database. {"timestamp":"2024-07-26T09:05:15.459Z"}
info: Server started at http://localhost:3400/api/v1/ {"timestamp":"2024-07-26T09:06:42.989Z"}
info: Connected to the database. {"timestamp":"2024-07-26T09:06:43.326Z"}
info: Server started at http://localhost:3400/api/v1/ {"timestamp":"2024-07-26T09:07:31.034Z"}
info: Connected to the database. {"timestamp":"2024-07-26T09:07:31.319Z"}
info: Server started at http://localhost:3400/api/v1/ {"timestamp":"2024-07-26T09:08:12.300Z"}
info: Connected to the database. {"timestamp":"2024-07-26T09:08:12.561Z"}
info: Server started at http://localhost:3400/api/v1/ {"timestamp":"2024-07-26T09:09:54.425Z"}
info: Connected to the database. {"timestamp":"2024-07-26T09:09:54.805Z"}
info: Server started at http://localhost:3400/api/v1/ {"timestamp":"2024-07-26T09:10:50.246Z"}
info: Connected to the database. {"timestamp":"2024-07-26T09:10:50.537Z"}
info: Server started at http://localhost:3400/api/v1/ {"timestamp":"2024-07-26T09:13:51.615Z"}
info: Connected to the database. {"timestamp":"2024-07-26T09:13:51.862Z"}
info: Server started at http://localhost:3400/api/v1/ {"timestamp":"2024-07-26T09:13:54.142Z"}
info: Connected to the database. {"timestamp":"2024-07-26T09:13:54.503Z"}
info: Server started at http://localhost:3400/api/v1/ {"timestamp":"2024-07-26T09:16:11.083Z"}
info: Server started at http://localhost:3400/api/v1/ {"timestamp":"2024-07-26T09:16:14.584Z"}
info: Connected to the database. {"timestamp":"2024-07-26T09:16:14.856Z"}
info: Server started at http://localhost:3400/api/v1/ {"timestamp":"2024-07-26T09:18:57.639Z"}
info: Connected to the database. {"timestamp":"2024-07-26T09:18:58.009Z"}
info: Server started at http://localhost:3400/api/v1/ {"timestamp":"2024-07-26T09:19:29.570Z"}
info: Connected to the database. {"timestamp":"2024-07-26T09:19:29.961Z"}
info: Server started at http://localhost:3400/api/v1/ {"timestamp":"2024-07-26T09:20:10.304Z"}
info: Connected to the database. {"timestamp":"2024-07-26T09:20:10.652Z"}
info: Server started at http://localhost:3400/api/v1/ {"timestamp":"2024-07-26T09:27:55.177Z"}
info: Connected to the database. {"timestamp":"2024-07-26T09:27:55.521Z"}
info: Server started at http://localhost:3400/api/v1/ {"timestamp":"2024-07-26T09:28:35.403Z"}
info: Connected to the database. {"timestamp":"2024-07-26T09:28:35.668Z"}
info: Server started at http://localhost:3400/api/v1/ {"timestamp":"2024-07-26T09:59:44.734Z"}
info: Connected to the database. {"timestamp":"2024-07-26T09:59:45.020Z"}
info: Server started at http://localhost:3400/api/v1/ {"timestamp":"2024-07-30T06:01:22.978Z"}
info: Connected to the database. {"timestamp":"2024-07-30T06:01:23.404Z"}
info: Server started at http://localhost:3400/api/v1/ {"timestamp":"2024-07-30T06:01:28.809Z"}
info: Connected to the database. {"timestamp":"2024-07-30T06:01:29.047Z"}
info: Server started at http://localhost:3400/api/v1/ {"timestamp":"2024-07-30T06:02:06.479Z"}
info: Connected to the database. {"timestamp":"2024-07-30T06:02:06.797Z"}
info: Server started at http://localhost:3400/api/v1/ {"timestamp":"2024-07-30T06:11:17.953Z"}
info: Connected to the database. {"timestamp":"2024-07-30T06:11:18.306Z"}
info: Server started at http://localhost:3400/api/v1/ {"timestamp":"2024-07-30T06:11:38.750Z"}
info: Connected to the database. {"timestamp":"2024-07-30T06:11:39.127Z"}
info: Server started at http://localhost:3400/api/v1/ {"timestamp":"2024-07-30T06:12:12.374Z"}
info: Connected to the database. {"timestamp":"2024-07-30T06:12:12.611Z"}
info: Server started at http://localhost:3400/api/v1/ {"timestamp":"2024-07-30T06:18:35.175Z"}
info: Connected to the database. {"timestamp":"2024-07-30T06:18:35.565Z"}
info: Server started at http://localhost:3400/api/v1/ {"timestamp":"2024-07-30T06:23:24.205Z"}
info: Connected to the database. {"timestamp":"2024-07-30T06:23:24.587Z"}
info: Server started at http://localhost:3400/api/v1/ {"timestamp":"2024-07-30T06:33:19.336Z"}
info: Connected to the database. {"timestamp":"2024-07-30T06:33:19.632Z"}
info: Server started at http://localhost:3400/api/v1/ {"timestamp":"2024-08-06T06:10:50.325Z"}
info: Connected to the database. {"timestamp":"2024-08-06T06:10:50.657Z"}
info: Server started at http://localhost:3400/api/v1/ {"timestamp":"2024-08-06T06:15:20.257Z"}
info: Connected to the database. {"timestamp":"2024-08-06T06:15:20.504Z"}
info: Server started at http://localhost:3400/api/v1/ {"timestamp":"2024-08-06T06:15:59.746Z"}
info: Connected to the database. {"timestamp":"2024-08-06T06:15:59.996Z"}
>>>>>>> users
